c:\poco\mongodb\obj64\mongodb\release_shared\document.obj
c:\poco\mongodb\obj64\mongodb\release_shared\javascriptcode.obj
c:\poco\mongodb\obj64\mongodb\release_shared\getmorerequest.obj
c:\poco\mongodb\obj64\mongodb\release_shared\binary.obj
c:\poco\mongodb\obj64\mongodb\release_shared\updaterequest.obj
c:\poco\mongodb\obj64\mongodb\release_shared\queryrequest.obj
c:\poco\mongodb\obj64\mongodb\release_shared\element.obj
c:\poco\mongodb\obj64\mongodb\release_shared\responsemessage.obj
c:\poco\mongodb\obj64\mongodb\release_shared\array.obj
c:\poco\mongodb\obj64\mongodb\release_shared\deleterequest.obj
c:\poco\mongodb\obj64\mongodb\release_shared\objectid.obj
c:\poco\mongodb\obj64\mongodb\release_shared\insertrequest.obj
c:\poco\mongodb\obj64\mongodb\release_shared\killcursorsrequest.obj
c:\poco\mongodb\obj64\mongodb\release_shared\requestmessage.obj
c:\poco\mongodb\obj64\mongodb\release_shared\cursor.obj
c:\poco\mongodb\obj64\mongodb\release_shared\database.obj
c:\poco\mongodb\obj64\mongodb\release_shared\messageheader.obj
c:\poco\mongodb\obj64\mongodb\release_shared\replicaset.obj
c:\poco\mongodb\obj64\mongodb\release_shared\connection.obj
c:\poco\mongodb\obj64\mongodb\release_shared\message.obj
c:\poco\mongodb\obj64\mongodb\release_shared\regularexpression.obj
c:\poco\bin64\pocomongodb64.dll
c:\poco\lib64\pocomongodb.lib
c:\poco\lib64\pocomongodb.exp
c:\poco\mongodb\obj64\mongodb\release_shared\dllversion.res
c:\poco\mongodb\..\bin64\pocomongodb64.dll
c:\poco\mongodb\obj64\mongodb\release_shared\mongodb.tlog\cl.110700.write.1.tlog
c:\poco\mongodb\obj64\mongodb\release_shared\mongodb.tlog\cl.command.1.tlog
c:\poco\mongodb\obj64\mongodb\release_shared\mongodb.tlog\cl.read.1.tlog
c:\poco\mongodb\obj64\mongodb\release_shared\mongodb.tlog\link.command.1.tlog
c:\poco\mongodb\obj64\mongodb\release_shared\mongodb.tlog\link.read.1.tlog
c:\poco\mongodb\obj64\mongodb\release_shared\mongodb.tlog\link.write.1.tlog
c:\poco\mongodb\obj64\mongodb\release_shared\mongodb.tlog\mongodb.write.1u.tlog
c:\poco\mongodb\obj64\mongodb\release_shared\mongodb.tlog\rc.command.1.tlog
c:\poco\mongodb\obj64\mongodb\release_shared\mongodb.tlog\rc.read.1.tlog
c:\poco\mongodb\obj64\mongodb\release_shared\mongodb.tlog\rc.write.1.tlog
