c:\poco\util\obj64\util\release_shared\layeredconfiguration.obj
c:\poco\util\obj64\util\release_shared\winregistrykey.obj
c:\poco\util\obj64\util\release_shared\optioncallback.obj
c:\poco\util\obj64\util\release_shared\optionprocessor.obj
c:\poco\util\obj64\util\release_shared\application.obj
c:\poco\util\obj64\util\release_shared\optionexception.obj
c:\poco\util\obj64\util\release_shared\optionset.obj
c:\poco\util\obj64\util\release_shared\abstractconfiguration.obj
c:\poco\util\obj64\util\release_shared\validator.obj
c:\poco\util\obj64\util\release_shared\helpformatter.obj
c:\poco\util\obj64\util\release_shared\regexpvalidator.obj
c:\poco\util\obj64\util\release_shared\option.obj
c:\poco\util\obj64\util\release_shared\systemconfiguration.obj
c:\poco\util\obj64\util\release_shared\inifileconfiguration.obj
c:\poco\util\obj64\util\release_shared\winservice.obj
c:\poco\util\obj64\util\release_shared\loggingsubsystem.obj
c:\poco\util\obj64\util\release_shared\serverapplication.obj
c:\poco\util\obj64\util\release_shared\loggingconfigurator.obj
c:\poco\util\obj64\util\release_shared\winregistryconfiguration.obj
c:\poco\util\obj64\util\release_shared\configurationview.obj
c:\poco\util\obj64\util\release_shared\propertyfileconfiguration.obj
c:\poco\util\obj64\util\release_shared\intvalidator.obj
c:\poco\util\obj64\util\release_shared\timer.obj
c:\poco\util\obj64\util\release_shared\configurationmapper.obj
c:\poco\util\obj64\util\release_shared\timertask.obj
c:\poco\util\obj64\util\release_shared\mapconfiguration.obj
c:\poco\util\obj64\util\release_shared\xmlconfiguration.obj
c:\poco\util\obj64\util\release_shared\filesystemconfiguration.obj
c:\poco\util\obj64\util\release_shared\subsystem.obj
c:\poco\util\obj64\util\release_shared\jsonconfiguration.obj
c:\poco\bin64\pocoutil64.dll
c:\poco\util\obj64\util\release_shared\dllversion.res
c:\poco\lib64\pocoutil.lib
c:\poco\lib64\pocoutil.exp
c:\poco\util\..\bin64\pocoutil64.dll
c:\poco\util\obj64\util\release_shared\util.tlog\cl.104548.write.1.tlog
c:\poco\util\obj64\util\release_shared\util.tlog\cl.command.1.tlog
c:\poco\util\obj64\util\release_shared\util.tlog\cl.read.1.tlog
c:\poco\util\obj64\util\release_shared\util.tlog\link.command.1.tlog
c:\poco\util\obj64\util\release_shared\util.tlog\link.read.1.tlog
c:\poco\util\obj64\util\release_shared\util.tlog\link.write.1.tlog
c:\poco\util\obj64\util\release_shared\util.tlog\rc.command.1.tlog
c:\poco\util\obj64\util\release_shared\util.tlog\rc.read.1.tlog
c:\poco\util\obj64\util\release_shared\util.tlog\rc.write.1.tlog
c:\poco\util\obj64\util\release_shared\util.tlog\util.write.1u.tlog
