c:\poco\data\postgresql\obj64\postgresql\release_shared\postgresqltypes.obj
c:\poco\data\postgresql\obj64\postgresql\release_shared\connector.obj
c:\poco\data\postgresql\obj64\postgresql\release_shared\sessionimpl.obj
c:\poco\data\postgresql\obj64\postgresql\release_shared\extractor.obj
c:\poco\data\postgresql\obj64\postgresql\release_shared\sessionhandle.obj
c:\poco\data\postgresql\obj64\postgresql\release_shared\postgresqlstatementimpl.obj
c:\poco\data\postgresql\obj64\postgresql\release_shared\postgresqlexception.obj
c:\poco\data\postgresql\obj64\postgresql\release_shared\statementexecutor.obj
c:\poco\data\postgresql\obj64\postgresql\release_shared\utility.obj
c:\poco\data\postgresql\obj64\postgresql\release_shared\binder.obj
c:\poco\bin64\pocodatapostgresql64.dll
c:\poco\lib64\pocodatapostgresql.lib
c:\poco\lib64\pocodatapostgresql.exp
c:\poco\data\postgresql\obj64\postgresql\release_shared\dllversion.res
c:\poco\data\postgresql\..\..\bin64\pocodatapostgresql64.dll
c:\poco\data\postgresql\obj64\postgresql\release_shared\postgresql.tlog\cl.134088.write.1.tlog
c:\poco\data\postgresql\obj64\postgresql\release_shared\postgresql.tlog\cl.command.1.tlog
c:\poco\data\postgresql\obj64\postgresql\release_shared\postgresql.tlog\cl.read.1.tlog
c:\poco\data\postgresql\obj64\postgresql\release_shared\postgresql.tlog\link.command.1.tlog
c:\poco\data\postgresql\obj64\postgresql\release_shared\postgresql.tlog\link.read.1.tlog
c:\poco\data\postgresql\obj64\postgresql\release_shared\postgresql.tlog\link.write.1.tlog
c:\poco\data\postgresql\obj64\postgresql\release_shared\postgresql.tlog\postgresql.write.1u.tlog
c:\poco\data\postgresql\obj64\postgresql\release_shared\postgresql.tlog\rc.command.1.tlog
c:\poco\data\postgresql\obj64\postgresql\release_shared\postgresql.tlog\rc.read.1.tlog
c:\poco\data\postgresql\obj64\postgresql\release_shared\postgresql.tlog\rc.write.1.tlog
