c:\poco\foundation\obj64\foundation\release_shared\channel.obj
c:\poco\foundation\obj64\foundation\release_shared\datetimeparser.obj
c:\poco\foundation\obj64\foundation\release_shared\filechannel.obj
c:\poco\foundation\obj64\foundation\release_shared\md5engine.obj
c:\poco\foundation\obj64\foundation\release_shared\nullstream.obj
c:\poco\foundation\obj64\foundation\release_shared\random.obj
c:\poco\foundation\obj64\foundation\release_shared\sharedmemory.obj
c:\poco\foundation\obj64\foundation\release_shared\textencoding.obj
c:\poco\foundation\obj64\foundation\release_shared\utf8encoding.obj
c:\poco\foundation\obj64\foundation\release_shared\binaryreader.obj
c:\poco\foundation\obj64\foundation\release_shared\datetimeformat.obj
c:\poco\foundation\obj64\foundation\release_shared\eventargs.obj
c:\poco\foundation\obj64\foundation\release_shared\fpenvironment.obj
c:\poco\foundation\obj64\foundation\release_shared\latin9encoding.obj
c:\poco\foundation\obj64\foundation\release_shared\notificationqueue.obj
c:\poco\foundation\obj64\foundation\release_shared\rwlock.obj
c:\poco\foundation\obj64\foundation\release_shared\streamcopier.obj
c:\poco\foundation\obj64\foundation\release_shared\textiterator.obj
c:\poco\foundation\obj64\foundation\release_shared\utf16encoding.obj
c:\poco\foundation\obj64\foundation\release_shared\base64decoder.obj
c:\poco\foundation\obj64\foundation\release_shared\datauristream.obj
c:\poco\foundation\obj64\foundation\release_shared\event.obj
c:\poco\foundation\obj64\foundation\release_shared\formattingchannel.obj
c:\poco\foundation\obj64\foundation\release_shared\md4engine.obj
c:\poco\foundation\obj64\foundation\release_shared\nullchannel.obj
c:\poco\foundation\obj64\foundation\release_shared\runnable.obj
c:\poco\foundation\obj64\foundation\release_shared\taskmanager.obj
c:\poco\foundation\obj64\foundation\release_shared\unicode.obj
c:\poco\foundation\obj64\foundation\release_shared\variterator.obj
c:\poco\foundation\obj64\foundation\release_shared\bugcheck.obj
c:\poco\foundation\obj64\foundation\release_shared\datauristreamfactory.obj
c:\poco\foundation\obj64\foundation\release_shared\eventchannel.obj
c:\poco\foundation\obj64\foundation\release_shared\latin1encoding.obj
c:\poco\foundation\obj64\foundation\release_shared\notificationcenter.obj
c:\poco\foundation\obj64\foundation\release_shared\refcountedobject.obj
c:\poco\foundation\obj64\foundation\release_shared\streamconverter.obj
c:\poco\foundation\obj64\foundation\release_shared\timednotificationqueue.obj
c:\poco\foundation\obj64\foundation\release_shared\windows1250encoding.obj
c:\poco\foundation\obj64\foundation\release_shared\asciiencoding.obj
c:\poco\foundation\obj64\foundation\release_shared\datetime.obj
c:\poco\foundation\obj64\foundation\release_shared\errorhandler.obj
c:\poco\foundation\obj64\foundation\release_shared\glob.obj
c:\poco\foundation\obj64\foundation\release_shared\memorypool.obj
c:\poco\foundation\obj64\foundation\release_shared\numberparser.obj
c:\poco\foundation\obj64\foundation\release_shared\rotatestrategy.obj
c:\poco\foundation\obj64\foundation\release_shared\streamtokenizer.obj
c:\poco\foundation\obj64\foundation\release_shared\textconverter.obj
c:\poco\foundation\obj64\foundation\release_shared\uristreamfactory.obj
c:\poco\foundation\obj64\foundation\release_shared\windows1252encoding.obj
c:\poco\foundation\obj64\foundation\release_shared\base64encoder.obj
c:\poco\foundation\obj64\foundation\release_shared\condition.obj
c:\poco\foundation\obj64\foundation\release_shared\directorywatcher.obj
c:\poco\foundation\obj64\foundation\release_shared\jsonstring.obj
c:\poco\foundation\obj64\foundation\release_shared\memorystream.obj
c:\poco\foundation\obj64\foundation\release_shared\numberformatter.obj
c:\poco\foundation\obj64\foundation\release_shared\regularexpression.obj
c:\poco\foundation\obj64\foundation\release_shared\streamchannel.obj
c:\poco\foundation\obj64\foundation\release_shared\threadlocal.obj
c:\poco\foundation\obj64\foundation\release_shared\uuidgenerator.obj
c:\poco\foundation\obj64\foundation\release_shared\archivestrategy.obj
c:\poco\foundation\obj64\foundation\release_shared\error.obj
c:\poco\foundation\obj64\foundation\release_shared\formatter.obj
c:\poco\foundation\obj64\foundation\release_shared\loggingfactory.obj
c:\poco\foundation\obj64\foundation\release_shared\prioritynotificationqueue.obj
c:\poco\foundation\obj64\foundation\release_shared\stopwatch.obj
c:\poco\foundation\obj64\foundation\release_shared\temporaryfile.obj
c:\poco\foundation\obj64\foundation\release_shared\uristreamopener.obj
c:\poco\foundation\obj64\foundation\release_shared\asyncchannel.obj
c:\poco\foundation\obj64\foundation\release_shared\digeststream.obj
c:\poco\foundation\obj64\foundation\release_shared\filestream.obj
c:\poco\foundation\obj64\foundation\release_shared\inflatingstream.obj
c:\poco\foundation\obj64\foundation\release_shared\message.obj
c:\poco\foundation\obj64\foundation\release_shared\process.obj
c:\poco\foundation\obj64\foundation\release_shared\task.obj
c:\poco\foundation\obj64\foundation\release_shared\unicodeconverter.obj
c:\poco\foundation\obj64\foundation\release_shared\windowsconsolechannel.obj
c:\poco\foundation\obj64\foundation\release_shared\checksum.obj
c:\poco\foundation\obj64\foundation\release_shared\configurable.obj
c:\poco\foundation\obj64\foundation\release_shared\directoryiterator.obj
c:\poco\foundation\obj64\foundation\release_shared\format.obj
c:\poco\foundation\obj64\foundation\release_shared\loggingregistry.obj
c:\poco\foundation\obj64\foundation\release_shared\path.obj
c:\poco\foundation\obj64\foundation\release_shared\splitterchannel.obj
c:\poco\foundation\obj64\foundation\release_shared\threadtarget.obj
c:\poco\foundation\obj64\foundation\release_shared\uri.obj
c:\poco\foundation\obj64\foundation\release_shared\binarywriter.obj
c:\poco\foundation\obj64\foundation\release_shared\debugger.obj
c:\poco\foundation\obj64\foundation\release_shared\eventlogchannel.obj
c:\poco\foundation\obj64\foundation\release_shared\hexbinaryencoder.obj
c:\poco\foundation\obj64\foundation\release_shared\manifest.obj
c:\poco\foundation\obj64\foundation\release_shared\notification.obj
c:\poco\foundation\obj64\foundation\release_shared\randomstream.obj
c:\poco\foundation\obj64\foundation\release_shared\sorteddirectoryiterator.obj
c:\poco\foundation\obj64\foundation\release_shared\thread.obj
c:\poco\foundation\obj64\foundation\release_shared\uuid.obj
c:\poco\foundation\obj64\foundation\release_shared\base32encoder.obj
c:\poco\foundation\obj64\foundation\release_shared\consolechannel.obj
c:\poco\foundation\obj64\foundation\release_shared\exception.obj
c:\poco\foundation\obj64\foundation\release_shared\hexbinarydecoder.obj
c:\poco\foundation\obj64\foundation\release_shared\logstream.obj
c:\poco\foundation\obj64\foundation\release_shared\numericstring.obj
c:\poco\foundation\obj64\foundation\release_shared\semaphore.obj
c:\poco\foundation\obj64\foundation\release_shared\synchronizedobject.obj
c:\poco\foundation\obj64\foundation\release_shared\timespan.obj
c:\poco\foundation\obj64\foundation\release_shared\utf32encoding.obj
c:\poco\foundation\obj64\foundation\release_shared\base32decoder.obj
c:\poco\foundation\obj64\foundation\release_shared\countingstream.obj
c:\poco\foundation\obj64\foundation\release_shared\environment.obj
c:\poco\foundation\obj64\foundation\release_shared\hash.obj
c:\poco\foundation\obj64\foundation\release_shared\logfile.obj
c:\poco\foundation\obj64\foundation\release_shared\namedmutex.obj
c:\poco\foundation\obj64\foundation\release_shared\pipestream.obj
c:\poco\foundation\obj64\foundation\release_shared\sha2engine.obj
c:\poco\foundation\obj64\foundation\release_shared\textbufferiterator.obj
c:\poco\foundation\obj64\foundation\release_shared\token.obj
c:\poco\foundation\obj64\foundation\release_shared\void.obj
c:\poco\foundation\obj64\foundation\release_shared\ascii.obj
c:\poco\foundation\obj64\foundation\release_shared\clock.obj
c:\poco\foundation\obj64\foundation\release_shared\directoryiteratorstrategy.obj
c:\poco\foundation\obj64\foundation\release_shared\hashstatistic.obj
c:\poco\foundation\obj64\foundation\release_shared\localdatetime.obj
c:\poco\foundation\obj64\foundation\release_shared\namedevent.obj
c:\poco\foundation\obj64\foundation\release_shared\pipe.obj
c:\poco\foundation\obj64\foundation\release_shared\sha1engine.obj
c:\poco\foundation\obj64\foundation\release_shared\tasknotification.obj
c:\poco\foundation\obj64\foundation\release_shared\timezone.obj
c:\poco\foundation\obj64\foundation\release_shared\var.obj
c:\poco\foundation\obj64\foundation\release_shared\abstractobserver.obj
c:\poco\foundation\obj64\foundation\release_shared\deflatingstream.obj
c:\poco\foundation\obj64\foundation\release_shared\fifobufferstream.obj
c:\poco\foundation\obj64\foundation\release_shared\lineendingconverter.obj
c:\poco\foundation\obj64\foundation\release_shared\mutex.obj
c:\poco\foundation\obj64\foundation\release_shared\pipeimpl.obj
c:\poco\foundation\obj64\foundation\release_shared\sharedlibrary.obj
c:\poco\foundation\obj64\foundation\release_shared\teestream.obj
c:\poco\foundation\obj64\foundation\release_shared\timestamp.obj
c:\poco\foundation\obj64\foundation\release_shared\utf8string.obj
c:\poco\foundation\obj64\foundation\release_shared\atomiccounter.obj
c:\poco\foundation\obj64\foundation\release_shared\datetimeformatter.obj
c:\poco\foundation\obj64\foundation\release_shared\filestreamfactory.obj
c:\poco\foundation\obj64\foundation\release_shared\latin2encoding.obj
c:\poco\foundation\obj64\foundation\release_shared\nesteddiagnosticcontext.obj
c:\poco\foundation\obj64\foundation\release_shared\purgestrategy.obj
c:\poco\foundation\obj64\foundation\release_shared\simplefilechannel.obj
c:\poco\foundation\obj64\foundation\release_shared\threadpool.obj
c:\poco\foundation\obj64\foundation\release_shared\windows1251encoding.obj
c:\poco\foundation\obj64\foundation\release_shared\activedispatcher.obj
c:\poco\foundation\obj64\foundation\release_shared\digestengine.obj
c:\poco\foundation\obj64\foundation\release_shared\file.obj
c:\poco\foundation\obj64\foundation\release_shared\logger.obj
c:\poco\foundation\obj64\foundation\release_shared\patternformatter.obj
c:\poco\foundation\obj64\foundation\release_shared\stringtokenizer.obj
c:\poco\foundation\obj64\foundation\release_shared\timer.obj
c:\poco\foundation\obj64\foundation\release_shared\varholder.obj
c:\poco\foundation\obj64\foundation\release_shared\infback.obj
c:\poco\foundation\obj64\foundation\release_shared\pcre_config.obj
c:\poco\foundation\obj64\foundation\release_shared\pcre_ord2utf8.obj
c:\poco\foundation\obj64\foundation\release_shared\zutil.obj
c:\poco\foundation\obj64\foundation\release_shared\inffast.obj
c:\poco\foundation\obj64\foundation\release_shared\pcre_tables.obj
c:\poco\foundation\obj64\foundation\release_shared\pcre_byte_order.obj
c:\poco\foundation\obj64\foundation\release_shared\pcre_refcount.obj
c:\poco\foundation\obj64\foundation\release_shared\pcre_chartables.obj
c:\poco\foundation\obj64\foundation\release_shared\pcre_maketables.obj
c:\poco\foundation\obj64\foundation\release_shared\trees.obj
c:\poco\foundation\obj64\foundation\release_shared\inflate.obj
c:\poco\foundation\obj64\foundation\release_shared\deflate.obj
c:\poco\foundation\obj64\foundation\release_shared\pcre_exec.obj
c:\poco\foundation\obj64\foundation\release_shared\crc32.obj
c:\poco\foundation\obj64\foundation\release_shared\pcre_jit_compile.obj
c:\poco\foundation\obj64\foundation\release_shared\pcre_valid_utf8.obj
c:\poco\foundation\obj64\foundation\release_shared\pcre_dfa_exec.obj
c:\poco\foundation\obj64\foundation\release_shared\adler32.obj
c:\poco\foundation\obj64\foundation\release_shared\pcre_newline.obj
c:\poco\foundation\obj64\foundation\release_shared\pcre_version.obj
c:\poco\foundation\obj64\foundation\release_shared\pcre_get.obj
c:\poco\foundation\obj64\foundation\release_shared\pcre_xclass.obj
c:\poco\foundation\obj64\foundation\release_shared\compress.obj
c:\poco\foundation\obj64\foundation\release_shared\pcre_globals.obj
c:\poco\foundation\obj64\foundation\release_shared\pcre_ucd.obj
c:\poco\foundation\obj64\foundation\release_shared\inftrees.obj
c:\poco\foundation\obj64\foundation\release_shared\pcre_string_utils.obj
c:\poco\foundation\obj64\foundation\release_shared\pcre_fullinfo.obj
c:\poco\foundation\obj64\foundation\release_shared\pcre_study.obj
c:\poco\foundation\obj64\foundation\release_shared\pcre_compile.obj
c:\poco\foundation\src\pocomsg.rc
c:\poco\foundation\src\pocomsg.h
c:\poco\lib64\pocofoundation.lib
c:\poco\lib64\pocofoundation.exp
c:\poco\bin64\pocofoundation64.dll
c:\poco\foundation\obj64\foundation\release_shared\dllversion.res
c:\poco\foundation\obj64\foundation\release_shared\pocomsg.res
c:\poco\foundation\..\bin64\pocofoundation64.dll
c:\poco\foundation\obj64\foundation\release_shared\foundation.tlog\cl.104484.write.1.tlog
c:\poco\foundation\obj64\foundation\release_shared\foundation.tlog\cl.command.1.tlog
c:\poco\foundation\obj64\foundation\release_shared\foundation.tlog\cl.read.1.tlog
c:\poco\foundation\obj64\foundation\release_shared\foundation.tlog\custombuild.command.1.tlog
c:\poco\foundation\obj64\foundation\release_shared\foundation.tlog\custombuild.read.1.tlog
c:\poco\foundation\obj64\foundation\release_shared\foundation.tlog\custombuild.write.1.tlog
c:\poco\foundation\obj64\foundation\release_shared\foundation.tlog\foundation.write.1u.tlog
c:\poco\foundation\obj64\foundation\release_shared\foundation.tlog\link.command.1.tlog
c:\poco\foundation\obj64\foundation\release_shared\foundation.tlog\link.read.1.tlog
c:\poco\foundation\obj64\foundation\release_shared\foundation.tlog\link.write.1.tlog
c:\poco\foundation\obj64\foundation\release_shared\foundation.tlog\rc.command.1.tlog
c:\poco\foundation\obj64\foundation\release_shared\foundation.tlog\rc.read.1.tlog
c:\poco\foundation\obj64\foundation\release_shared\foundation.tlog\rc.write.1.tlog
