c:\poco\crypto\obj64\crypto\debug_shared\eckey.obj
c:\poco\crypto\obj64\crypto\debug_shared\keypairimpl.obj
c:\poco\crypto\obj64\crypto\debug_shared\rsadigestengine.obj
c:\poco\crypto\obj64\crypto\debug_shared\eckeyimpl.obj
c:\poco\crypto\obj64\crypto\debug_shared\cipherkey.obj
c:\poco\crypto\obj64\crypto\debug_shared\rsakey.obj
c:\poco\crypto\obj64\crypto\debug_shared\opensslinitializer.obj
c:\poco\crypto\obj64\crypto\debug_shared\cryptotransform.obj
c:\poco\crypto\obj64\crypto\debug_shared\cipherfactory.obj
c:\poco\crypto\obj64\crypto\debug_shared\cryptostream.obj
c:\poco\crypto\obj64\crypto\debug_shared\x509certificate.obj
c:\poco\crypto\obj64\crypto\debug_shared\cryptoexception.obj
c:\poco\crypto\obj64\crypto\debug_shared\pkcs12container.obj
c:\poco\crypto\obj64\crypto\debug_shared\digestengine.obj
c:\poco\crypto\obj64\crypto\debug_shared\keypair.obj
c:\poco\crypto\obj64\crypto\debug_shared\rsacipherimpl.obj
c:\poco\crypto\obj64\crypto\debug_shared\cipherimpl.obj
c:\poco\crypto\obj64\crypto\debug_shared\evppkey.obj
c:\poco\crypto\obj64\crypto\debug_shared\cipherkeyimpl.obj
c:\poco\crypto\obj64\crypto\debug_shared\ecdsadigestengine.obj
c:\poco\crypto\obj64\crypto\debug_shared\cipher.obj
c:\poco\crypto\obj64\crypto\debug_shared\rsakeyimpl.obj
c:\poco\crypto\obj64\crypto\debug_shared\vc141.pdb
c:\poco\lib64\pococryptod.lib
c:\poco\lib64\pococryptod.exp
c:\poco\bin64\pococrypto64d.ilk
c:\poco\bin64\pococrypto64d.dll
c:\poco\bin64\pococrypto64d.pdb
c:\poco\crypto\obj64\crypto\debug_shared\dllversion.res
c:\poco\crypto\..\bin64\pococrypto64d.dll
c:\poco\crypto\obj64\crypto\debug_shared\crypto.tlog\cl.105504.write.1.tlog
c:\poco\crypto\obj64\crypto\debug_shared\crypto.tlog\cl.command.1.tlog
c:\poco\crypto\obj64\crypto\debug_shared\crypto.tlog\cl.read.1.tlog
c:\poco\crypto\obj64\crypto\debug_shared\crypto.tlog\crypto.write.1u.tlog
c:\poco\crypto\obj64\crypto\debug_shared\crypto.tlog\link.command.1.tlog
c:\poco\crypto\obj64\crypto\debug_shared\crypto.tlog\link.delete.1.tlog
c:\poco\crypto\obj64\crypto\debug_shared\crypto.tlog\link.read.1.tlog
c:\poco\crypto\obj64\crypto\debug_shared\crypto.tlog\link.write.1.tlog
c:\poco\crypto\obj64\crypto\debug_shared\crypto.tlog\rc.command.1.tlog
c:\poco\crypto\obj64\crypto\debug_shared\crypto.tlog\rc.read.1.tlog
c:\poco\crypto\obj64\crypto\debug_shared\crypto.tlog\rc.write.1.tlog
