c:\poco\cppunit\obj64\cppunit\debug_shared\testsuite.obj
c:\poco\cppunit\obj64\cppunit\debug_shared\testcase.obj
c:\poco\cppunit\obj64\cppunit\debug_shared\testrunner.obj
c:\poco\cppunit\obj64\cppunit\debug_shared\testresult.obj
c:\poco\cppunit\obj64\cppunit\debug_shared\cppunitexception.obj
c:\poco\cppunit\obj64\cppunit\debug_shared\texttestresult.obj
c:\poco\cppunit\obj64\cppunit\debug_shared\testfailure.obj
c:\poco\cppunit\obj64\cppunit\debug_shared\testdecorator.obj
c:\poco\cppunit\obj64\cppunit\debug_shared\vc141.pdb
c:\poco\lib64\cppunitd.lib
c:\poco\lib64\cppunitd.exp
c:\poco\bin64\cppunit64d.ilk
c:\poco\bin64\cppunit64d.dll
c:\poco\bin64\cppunit64d.pdb
c:\poco\cppunit\..\bin64\cppunit64d.dll
c:\poco\cppunit\obj64\cppunit\debug_shared\cppunit.tlog\cl.126396.write.1.tlog
c:\poco\cppunit\obj64\cppunit\debug_shared\cppunit.tlog\cl.command.1.tlog
c:\poco\cppunit\obj64\cppunit\debug_shared\cppunit.tlog\cl.read.1.tlog
c:\poco\cppunit\obj64\cppunit\debug_shared\cppunit.tlog\cppunit.write.1u.tlog
c:\poco\cppunit\obj64\cppunit\debug_shared\cppunit.tlog\link.command.1.tlog
c:\poco\cppunit\obj64\cppunit\debug_shared\cppunit.tlog\link.read.1.tlog
c:\poco\cppunit\obj64\cppunit\debug_shared\cppunit.tlog\link.write.1.tlog
