c:\poco\json\obj64\json\release_shared\templatecache.obj
c:\poco\json\obj64\json\release_shared\stringifier.obj
c:\poco\json\obj64\json\release_shared\pdjson.obj
c:\poco\json\obj64\json\release_shared\printhandler.obj
c:\poco\json\obj64\json\release_shared\query.obj
c:\poco\json\obj64\json\release_shared\jsonexception.obj
c:\poco\json\obj64\json\release_shared\parserimpl.obj
c:\poco\json\obj64\json\release_shared\handler.obj
c:\poco\json\obj64\json\release_shared\template.obj
c:\poco\json\obj64\json\release_shared\parser.obj
c:\poco\json\obj64\json\release_shared\object.obj
c:\poco\json\obj64\json\release_shared\array.obj
c:\poco\json\obj64\json\release_shared\parsehandler.obj
c:\poco\lib64\pocojson.lib
c:\poco\lib64\pocojson.exp
c:\poco\bin64\pocojson64.dll
c:\poco\json\obj64\json\release_shared\dllversion.res
c:\poco\json\..\bin64\pocojson64.dll
c:\poco\json\obj64\json\release_shared\json.tlog\cl.1140.write.1.tlog
c:\poco\json\obj64\json\release_shared\json.tlog\cl.command.1.tlog
c:\poco\json\obj64\json\release_shared\json.tlog\cl.read.1.tlog
c:\poco\json\obj64\json\release_shared\json.tlog\json.write.1u.tlog
c:\poco\json\obj64\json\release_shared\json.tlog\link.command.1.tlog
c:\poco\json\obj64\json\release_shared\json.tlog\link.read.1.tlog
c:\poco\json\obj64\json\release_shared\json.tlog\link.write.1.tlog
c:\poco\json\obj64\json\release_shared\json.tlog\rc.command.1.tlog
c:\poco\json\obj64\json\release_shared\json.tlog\rc.read.1.tlog
c:\poco\json\obj64\json\release_shared\json.tlog\rc.write.1.tlog
