c:\poco\data\sqlite\obj64\sqlite\debug_shared\vc141.pdb
c:\poco\data\sqlite\obj64\sqlite\debug_shared\sqlite3.obj
c:\poco\data\sqlite\obj64\sqlite\debug_shared\sqlitestatementimpl.obj
c:\poco\data\sqlite\obj64\sqlite\debug_shared\utility.obj
c:\poco\data\sqlite\obj64\sqlite\debug_shared\extractor.obj
c:\poco\data\sqlite\obj64\sqlite\debug_shared\notifier.obj
c:\poco\data\sqlite\obj64\sqlite\debug_shared\sqliteexception.obj
c:\poco\data\sqlite\obj64\sqlite\debug_shared\sessionimpl.obj
c:\poco\data\sqlite\obj64\sqlite\debug_shared\binder.obj
c:\poco\data\sqlite\obj64\sqlite\debug_shared\connector.obj
c:\poco\bin64\pocodatasqlite64d.dll
c:\poco\bin64\pocodatasqlite64d.ilk
c:\poco\bin64\pocodatasqlite64d.pdb
c:\poco\data\sqlite\obj64\sqlite\debug_shared\dllversion.res
c:\poco\lib64\pocodatasqlited.lib
c:\poco\lib64\pocodatasqlited.exp
c:\poco\data\sqlite\..\..\bin64\pocodatasqlite64d.dll
c:\poco\data\sqlite\obj64\sqlite\debug_shared\sqlite.tlog\cl.command.1.tlog
c:\poco\data\sqlite\obj64\sqlite\debug_shared\sqlite.tlog\cl.read.1.tlog
c:\poco\data\sqlite\obj64\sqlite\debug_shared\sqlite.tlog\cl.write.1.tlog
c:\poco\data\sqlite\obj64\sqlite\debug_shared\sqlite.tlog\link.command.1.tlog
c:\poco\data\sqlite\obj64\sqlite\debug_shared\sqlite.tlog\link.read.1.tlog
c:\poco\data\sqlite\obj64\sqlite\debug_shared\sqlite.tlog\link.write.1.tlog
c:\poco\data\sqlite\obj64\sqlite\debug_shared\sqlite.tlog\rc.command.1.tlog
c:\poco\data\sqlite\obj64\sqlite\debug_shared\sqlite.tlog\rc.read.1.tlog
c:\poco\data\sqlite\obj64\sqlite\debug_shared\sqlite.tlog\rc.write.1.tlog
c:\poco\data\sqlite\obj64\sqlite\debug_shared\sqlite.tlog\sqlite.write.1u.tlog
