c:\poco\net\obj64\net\release_shared\dns.obj
c:\poco\net\obj64\net\release_shared\httpserver.obj
c:\poco\net\obj64\net\release_shared\icmppacketimpl.obj
c:\poco\net\obj64\net\release_shared\net.obj
c:\poco\net\obj64\net\release_shared\parthandler.obj
c:\poco\net\obj64\net\release_shared\socket.obj
c:\poco\net\obj64\net\release_shared\tcpserverdispatcher.obj
c:\poco\net\obj64\net\release_shared\datagramsocket.obj
c:\poco\net\obj64\net\release_shared\httpntlmcredentials.obj
c:\poco\net\obj64\net\release_shared\icmppacket.obj
c:\poco\net\obj64\net\release_shared\multipartreader.obj
c:\poco\net\obj64\net\release_shared\partsource.obj
c:\poco\net\obj64\net\release_shared\smtpclientsession.obj
c:\poco\net\obj64\net\release_shared\udpserverparams.obj
c:\poco\net\obj64\net\release_shared\httpbufferallocator.obj
c:\poco\net\obj64\net\release_shared\httpmessage.obj
c:\poco\net\obj64\net\release_shared\httpserverresponseimpl.obj
c:\poco\net\obj64\net\release_shared\multicastsocket.obj
c:\poco\net\obj64\net\release_shared\quotedprintableencoder.obj
c:\poco\net\obj64\net\release_shared\socketimpl.obj
c:\poco\net\obj64\net\release_shared\websocketimpl.obj
c:\poco\net\obj64\net\release_shared\httpchunkedstream.obj
c:\poco\net\obj64\net\release_shared\httpserverconnection.obj
c:\poco\net\obj64\net\release_shared\icmpsocket.obj
c:\poco\net\obj64\net\release_shared\namevaluecollection.obj
c:\poco\net\obj64\net\release_shared\partstore.obj
c:\poco\net\obj64\net\release_shared\socketaddress.obj
c:\poco\net\obj64\net\release_shared\tcpserverconnection.obj
c:\poco\net\obj64\net\release_shared\httpbasiccredentials.obj
c:\poco\net\obj64\net\release_shared\httpfixedlengthstream.obj
c:\poco\net\obj64\net\release_shared\httpserversession.obj
c:\poco\net\obj64\net\release_shared\mailmessage.obj
c:\poco\net\obj64\net\release_shared\remotesyslogchannel.obj
c:\poco\net\obj64\net\release_shared\tcpserverconnectionfactory.obj
c:\poco\net\obj64\net\release_shared\datagramsocketimpl.obj
c:\poco\net\obj64\net\release_shared\httpiostream.obj
c:\poco\net\obj64\net\release_shared\httpstream.obj
c:\poco\net\obj64\net\release_shared\mediatype.obj
c:\poco\net\obj64\net\release_shared\oauth10credentials.obj
c:\poco\net\obj64\net\release_shared\socketnotifier.obj
c:\poco\net\obj64\net\release_shared\abstracthttprequesthandler.obj
c:\poco\net\obj64\net\release_shared\httpresponse.obj
c:\poco\net\obj64\net\release_shared\icmpeventargs.obj
c:\poco\net\obj64\net\release_shared\multipartwriter.obj
c:\poco\net\obj64\net\release_shared\pollset.obj
c:\poco\net\obj64\net\release_shared\streamsocketimpl.obj
c:\poco\net\obj64\net\release_shared\ftpclientsession.obj
c:\poco\net\obj64\net\release_shared\httpserverparams.obj
c:\poco\net\obj64\net\release_shared\icmpclient.obj
c:\poco\net\obj64\net\release_shared\networkinterface.obj
c:\poco\net\obj64\net\release_shared\socketstream.obj
c:\poco\net\obj64\net\release_shared\ftpstreamfactory.obj
c:\poco\net\obj64\net\release_shared\httpserverconnectionfactory.obj
c:\poco\net\obj64\net\release_shared\icmpv4packetimpl.obj
c:\poco\net\obj64\net\release_shared\nullparthandler.obj
c:\poco\net\obj64\net\release_shared\quotedprintabledecoder.obj
c:\poco\net\obj64\net\release_shared\socketaddressimpl.obj
c:\poco\net\obj64\net\release_shared\websocket.obj
c:\poco\net\obj64\net\release_shared\httpcookie.obj
c:\poco\net\obj64\net\release_shared\httprequest.obj
c:\poco\net\obj64\net\release_shared\httpstreamfactory.obj
c:\poco\net\obj64\net\release_shared\netexception.obj
c:\poco\net\obj64\net\release_shared\pop3clientsession.obj
c:\poco\net\obj64\net\release_shared\streamsocket.obj
c:\poco\net\obj64\net\release_shared\dialogsocket.obj
c:\poco\net\obj64\net\release_shared\httprequesthandler.obj
c:\poco\net\obj64\net\release_shared\httpserverrequestimpl.obj
c:\poco\net\obj64\net\release_shared\ipaddressimpl.obj
c:\poco\net\obj64\net\release_shared\oauth20credentials.obj
c:\poco\net\obj64\net\release_shared\remotesysloglistener.obj
c:\poco\net\obj64\net\release_shared\stringpartsource.obj
c:\poco\net\obj64\net\release_shared\httpauthenticationparams.obj
c:\poco\net\obj64\net\release_shared\httpdigestcredentials.obj
c:\poco\net\obj64\net\release_shared\httpsessionfactory.obj
c:\poco\net\obj64\net\release_shared\messageheader.obj
c:\poco\net\obj64\net\release_shared\rawsocketimpl.obj
c:\poco\net\obj64\net\release_shared\socketreactor.obj
c:\poco\net\obj64\net\release_shared\filepartsource.obj
c:\poco\net\obj64\net\release_shared\httpcredentials.obj
c:\poco\net\obj64\net\release_shared\httpserverresponse.obj
c:\poco\net\obj64\net\release_shared\ipaddress.obj
c:\poco\net\obj64\net\release_shared\ntppacket.obj
c:\poco\net\obj64\net\release_shared\rawsocket.obj
c:\poco\net\obj64\net\release_shared\socketnotification.obj
c:\poco\net\obj64\net\release_shared\udpclient.obj
c:\poco\net\obj64\net\release_shared\htmlform.obj
c:\poco\net\obj64\net\release_shared\httpheaderstream.obj
c:\poco\net\obj64\net\release_shared\httpsessioninstantiator.obj
c:\poco\net\obj64\net\release_shared\mailstream.obj
c:\poco\net\obj64\net\release_shared\ntpclient.obj
c:\poco\net\obj64\net\release_shared\serversocket.obj
c:\poco\net\obj64\net\release_shared\sspintlmcredentials.obj
c:\poco\net\obj64\net\release_shared\hostentry.obj
c:\poco\net\obj64\net\release_shared\httprequesthandlerfactory.obj
c:\poco\net\obj64\net\release_shared\httpsession.obj
c:\poco\net\obj64\net\release_shared\mailrecipient.obj
c:\poco\net\obj64\net\release_shared\ntpeventargs.obj
c:\poco\net\obj64\net\release_shared\smtpchannel.obj
c:\poco\net\obj64\net\release_shared\tcpserverparams.obj
c:\poco\net\obj64\net\release_shared\httpclientsession.obj
c:\poco\net\obj64\net\release_shared\httpserverrequest.obj
c:\poco\net\obj64\net\release_shared\icmpsocketimpl.obj
c:\poco\net\obj64\net\release_shared\ntlmcredentials.obj
c:\poco\net\obj64\net\release_shared\serversocketimpl.obj
c:\poco\net\obj64\net\release_shared\tcpserver.obj
c:\poco\bin64\poconet64.dll
c:\poco\lib64\poconet.lib
c:\poco\lib64\poconet.exp
c:\poco\net\obj64\net\release_shared\dllversion.res
c:\poco\net\..\bin64\poconet64.dll
c:\poco\net\obj64\net\release_shared\net.tlog\cl.108180.write.1.tlog
c:\poco\net\obj64\net\release_shared\net.tlog\cl.command.1.tlog
c:\poco\net\obj64\net\release_shared\net.tlog\cl.read.1.tlog
c:\poco\net\obj64\net\release_shared\net.tlog\link.command.1.tlog
c:\poco\net\obj64\net\release_shared\net.tlog\link.read.1.tlog
c:\poco\net\obj64\net\release_shared\net.tlog\link.write.1.tlog
c:\poco\net\obj64\net\release_shared\net.tlog\net.write.1u.tlog
c:\poco\net\obj64\net\release_shared\net.tlog\rc.command.1.tlog
c:\poco\net\obj64\net\release_shared\net.tlog\rc.read.1.tlog
c:\poco\net\obj64\net\release_shared\net.tlog\rc.write.1.tlog
