c:\poco\util\obj64\util\debug_shared\loggingsubsystem.obj
c:\poco\util\obj64\util\debug_shared\timer.obj
c:\poco\util\obj64\util\debug_shared\application.obj
c:\poco\util\obj64\util\debug_shared\option.obj
c:\poco\util\obj64\util\debug_shared\subsystem.obj
c:\poco\util\obj64\util\debug_shared\jsonconfiguration.obj
c:\poco\util\obj64\util\debug_shared\loggingconfigurator.obj
c:\poco\util\obj64\util\debug_shared\winregistrykey.obj
c:\poco\util\obj64\util\debug_shared\optioncallback.obj
c:\poco\util\obj64\util\debug_shared\optionprocessor.obj
c:\poco\util\obj64\util\debug_shared\layeredconfiguration.obj
c:\poco\util\obj64\util\debug_shared\validator.obj
c:\poco\util\obj64\util\debug_shared\optionexception.obj
c:\poco\util\obj64\util\debug_shared\optionset.obj
c:\poco\util\obj64\util\debug_shared\mapconfiguration.obj
c:\poco\util\obj64\util\debug_shared\winregistryconfiguration.obj
c:\poco\util\obj64\util\debug_shared\abstractconfiguration.obj
c:\poco\util\obj64\util\debug_shared\xmlconfiguration.obj
c:\poco\util\obj64\util\debug_shared\inifileconfiguration.obj
c:\poco\util\obj64\util\debug_shared\winservice.obj
c:\poco\util\obj64\util\debug_shared\filesystemconfiguration.obj
c:\poco\util\obj64\util\debug_shared\regexpvalidator.obj
c:\poco\util\obj64\util\debug_shared\configurationmapper.obj
c:\poco\util\obj64\util\debug_shared\serverapplication.obj
c:\poco\util\obj64\util\debug_shared\intvalidator.obj
c:\poco\util\obj64\util\debug_shared\timertask.obj
c:\poco\util\obj64\util\debug_shared\helpformatter.obj
c:\poco\util\obj64\util\debug_shared\systemconfiguration.obj
c:\poco\util\obj64\util\debug_shared\configurationview.obj
c:\poco\util\obj64\util\debug_shared\propertyfileconfiguration.obj
c:\poco\util\obj64\util\debug_shared\vc141.pdb
c:\poco\bin64\pocoutil64d.ilk
c:\poco\bin64\pocoutil64d.dll
c:\poco\bin64\pocoutil64d.pdb
c:\poco\util\obj64\util\debug_shared\dllversion.res
c:\poco\lib64\pocoutild.lib
c:\poco\lib64\pocoutild.exp
c:\poco\util\..\bin64\pocoutil64d.dll
c:\poco\util\obj64\util\debug_shared\util.tlog\cl.105028.write.1.tlog
c:\poco\util\obj64\util\debug_shared\util.tlog\cl.command.1.tlog
c:\poco\util\obj64\util\debug_shared\util.tlog\cl.read.1.tlog
c:\poco\util\obj64\util\debug_shared\util.tlog\link.command.1.tlog
c:\poco\util\obj64\util\debug_shared\util.tlog\link.read.1.tlog
c:\poco\util\obj64\util\debug_shared\util.tlog\link.write.1.tlog
c:\poco\util\obj64\util\debug_shared\util.tlog\rc.command.1.tlog
c:\poco\util\obj64\util\debug_shared\util.tlog\rc.read.1.tlog
c:\poco\util\obj64\util\debug_shared\util.tlog\rc.write.1.tlog
c:\poco\util\obj64\util\debug_shared\util.tlog\util.write.1u.tlog
