c:\poco\data\postgresql\obj64\postgresql\debug_shared\utility.obj
c:\poco\data\postgresql\obj64\postgresql\debug_shared\binder.obj
c:\poco\data\postgresql\obj64\postgresql\debug_shared\postgresqltypes.obj
c:\poco\data\postgresql\obj64\postgresql\debug_shared\statementexecutor.obj
c:\poco\data\postgresql\obj64\postgresql\debug_shared\postgresqlexception.obj
c:\poco\data\postgresql\obj64\postgresql\debug_shared\sessionhandle.obj
c:\poco\data\postgresql\obj64\postgresql\debug_shared\postgresqlstatementimpl.obj
c:\poco\data\postgresql\obj64\postgresql\debug_shared\extractor.obj
c:\poco\data\postgresql\obj64\postgresql\debug_shared\connector.obj
c:\poco\data\postgresql\obj64\postgresql\debug_shared\sessionimpl.obj
c:\poco\data\postgresql\obj64\postgresql\debug_shared\vc141.pdb
c:\poco\bin64\pocodatapostgresql64d.dll
c:\poco\bin64\pocodatapostgresql64d.ilk
c:\poco\bin64\pocodatapostgresql64d.pdb
c:\poco\lib64\pocodatapostgresqld.lib
c:\poco\lib64\pocodatapostgresqld.exp
c:\poco\data\postgresql\obj64\postgresql\debug_shared\dllversion.res
c:\poco\data\postgresql\..\..\bin64\pocodatapostgresql64d.dll
c:\poco\data\postgresql\obj64\postgresql\debug_shared\postgresql.tlog\cl.106184.write.1.tlog
c:\poco\data\postgresql\obj64\postgresql\debug_shared\postgresql.tlog\cl.command.1.tlog
c:\poco\data\postgresql\obj64\postgresql\debug_shared\postgresql.tlog\cl.read.1.tlog
c:\poco\data\postgresql\obj64\postgresql\debug_shared\postgresql.tlog\link.command.1.tlog
c:\poco\data\postgresql\obj64\postgresql\debug_shared\postgresql.tlog\link.read.1.tlog
c:\poco\data\postgresql\obj64\postgresql\debug_shared\postgresql.tlog\link.write.1.tlog
c:\poco\data\postgresql\obj64\postgresql\debug_shared\postgresql.tlog\postgresql.write.1u.tlog
c:\poco\data\postgresql\obj64\postgresql\debug_shared\postgresql.tlog\rc.command.1.tlog
c:\poco\data\postgresql\obj64\postgresql\debug_shared\postgresql.tlog\rc.read.1.tlog
c:\poco\data\postgresql\obj64\postgresql\debug_shared\postgresql.tlog\rc.write.1.tlog
