c:\poco\jwt\obj64\jwt\debug_shared\jwtexception.obj
c:\poco\jwt\obj64\jwt\debug_shared\signer.obj
c:\poco\jwt\obj64\jwt\debug_shared\token.obj
c:\poco\jwt\obj64\jwt\debug_shared\serializer.obj
c:\poco\jwt\obj64\jwt\debug_shared\vc141.pdb
c:\poco\lib64\pocojwtd.lib
c:\poco\lib64\pocojwtd.exp
c:\poco\bin64\pocojwt64d.dll
c:\poco\bin64\pocojwt64d.ilk
c:\poco\bin64\pocojwt64d.pdb
c:\poco\jwt\obj64\jwt\debug_shared\dllversion.res
c:\poco\jwt\..\bin64\pocojwt64d.dll
c:\poco\jwt\obj64\jwt\debug_shared\jwt.tlog\cl.103464.write.1.tlog
c:\poco\jwt\obj64\jwt\debug_shared\jwt.tlog\cl.command.1.tlog
c:\poco\jwt\obj64\jwt\debug_shared\jwt.tlog\cl.read.1.tlog
c:\poco\jwt\obj64\jwt\debug_shared\jwt.tlog\jwt.write.1u.tlog
c:\poco\jwt\obj64\jwt\debug_shared\jwt.tlog\link.command.1.tlog
c:\poco\jwt\obj64\jwt\debug_shared\jwt.tlog\link.read.1.tlog
c:\poco\jwt\obj64\jwt\debug_shared\jwt.tlog\link.write.1.tlog
c:\poco\jwt\obj64\jwt\debug_shared\jwt.tlog\rc.command.1.tlog
c:\poco\jwt\obj64\jwt\debug_shared\jwt.tlog\rc.read.1.tlog
c:\poco\jwt\obj64\jwt\debug_shared\jwt.tlog\rc.write.1.tlog
