c:\poco\netssl_win\obj64\netssl_win\debug_shared\certificatehandlerfactory.obj
c:\poco\netssl_win\obj64\netssl_win\debug_shared\sslmanager.obj
c:\poco\netssl_win\obj64\netssl_win\debug_shared\httpsclientsession.obj
c:\poco\netssl_win\obj64\netssl_win\debug_shared\httpsstreamfactory.obj
c:\poco\netssl_win\obj64\netssl_win\debug_shared\sslexception.obj
c:\poco\netssl_win\obj64\netssl_win\debug_shared\httpssessioninstantiator.obj
c:\poco\netssl_win\obj64\netssl_win\debug_shared\verificationerrorargs.obj
c:\poco\netssl_win\obj64\netssl_win\debug_shared\consolecertificatehandler.obj
c:\poco\netssl_win\obj64\netssl_win\debug_shared\securesocketimpl.obj
c:\poco\netssl_win\obj64\netssl_win\debug_shared\context.obj
c:\poco\netssl_win\obj64\netssl_win\debug_shared\keyconsolehandler.obj
c:\poco\netssl_win\obj64\netssl_win\debug_shared\secureserversocketimpl.obj
c:\poco\netssl_win\obj64\netssl_win\debug_shared\privatekeypassphrasehandler.obj
c:\poco\netssl_win\obj64\netssl_win\debug_shared\invalidcertificatehandler.obj
c:\poco\netssl_win\obj64\netssl_win\debug_shared\utility.obj
c:\poco\netssl_win\obj64\netssl_win\debug_shared\secureserversocket.obj
c:\poco\netssl_win\obj64\netssl_win\debug_shared\keyfilehandler.obj
c:\poco\netssl_win\obj64\netssl_win\debug_shared\rejectcertificatehandler.obj
c:\poco\netssl_win\obj64\netssl_win\debug_shared\securestreamsocket.obj
c:\poco\netssl_win\obj64\netssl_win\debug_shared\certificatehandlerfactorymgr.obj
c:\poco\netssl_win\obj64\netssl_win\debug_shared\securestreamsocketimpl.obj
c:\poco\netssl_win\obj64\netssl_win\debug_shared\acceptcertificatehandler.obj
c:\poco\netssl_win\obj64\netssl_win\debug_shared\securesmtpclientsession.obj
c:\poco\netssl_win\obj64\netssl_win\debug_shared\privatekeyfactory.obj
c:\poco\netssl_win\obj64\netssl_win\debug_shared\x509certificate.obj
c:\poco\netssl_win\obj64\netssl_win\debug_shared\privatekeyfactorymgr.obj
c:\poco\netssl_win\obj64\netssl_win\debug_shared\session.obj
c:\poco\netssl_win\obj64\netssl_win\debug_shared\vc141.pdb
c:\poco\bin64\poconetsslwin64d.dll
c:\poco\bin64\poconetsslwin64d.ilk
c:\poco\bin64\poconetsslwin64d.pdb
c:\poco\lib64\poconetsslwind.lib
c:\poco\lib64\poconetsslwind.exp
c:\poco\netssl_win\obj64\netssl_win\debug_shared\dllversion.res
c:\poco\netssl_win\..\bin64\poconetsslwin64d.dll
c:\poco\netssl_win\obj64\netssl_win\debug_shared\netssl_win.tlog\cl.104896.write.1.tlog
c:\poco\netssl_win\obj64\netssl_win\debug_shared\netssl_win.tlog\cl.command.1.tlog
c:\poco\netssl_win\obj64\netssl_win\debug_shared\netssl_win.tlog\cl.read.1.tlog
c:\poco\netssl_win\obj64\netssl_win\debug_shared\netssl_win.tlog\link.command.1.tlog
c:\poco\netssl_win\obj64\netssl_win\debug_shared\netssl_win.tlog\link.read.1.tlog
c:\poco\netssl_win\obj64\netssl_win\debug_shared\netssl_win.tlog\link.write.1.tlog
c:\poco\netssl_win\obj64\netssl_win\debug_shared\netssl_win.tlog\netssl_win.write.1u.tlog
c:\poco\netssl_win\obj64\netssl_win\debug_shared\netssl_win.tlog\rc.command.1.tlog
c:\poco\netssl_win\obj64\netssl_win\debug_shared\netssl_win.tlog\rc.read.1.tlog
c:\poco\netssl_win\obj64\netssl_win\debug_shared\netssl_win.tlog\rc.write.1.tlog
