c:\poco\mongodb\obj64\mongodb\debug_shared\objectid.obj
c:\poco\mongodb\obj64\mongodb\debug_shared\cursor.obj
c:\poco\mongodb\obj64\mongodb\debug_shared\deleterequest.obj
c:\poco\mongodb\obj64\mongodb\debug_shared\javascriptcode.obj
c:\poco\mongodb\obj64\mongodb\debug_shared\element.obj
c:\poco\mongodb\obj64\mongodb\debug_shared\responsemessage.obj
c:\poco\mongodb\obj64\mongodb\debug_shared\insertrequest.obj
c:\poco\mongodb\obj64\mongodb\debug_shared\queryrequest.obj
c:\poco\mongodb\obj64\mongodb\debug_shared\database.obj
c:\poco\mongodb\obj64\mongodb\debug_shared\getmorerequest.obj
c:\poco\mongodb\obj64\mongodb\debug_shared\connection.obj
c:\poco\mongodb\obj64\mongodb\debug_shared\array.obj
c:\poco\mongodb\obj64\mongodb\debug_shared\killcursorsrequest.obj
c:\poco\mongodb\obj64\mongodb\debug_shared\requestmessage.obj
c:\poco\mongodb\obj64\mongodb\debug_shared\message.obj
c:\poco\mongodb\obj64\mongodb\debug_shared\replicaset.obj
c:\poco\mongodb\obj64\mongodb\debug_shared\document.obj
c:\poco\mongodb\obj64\mongodb\debug_shared\binary.obj
c:\poco\mongodb\obj64\mongodb\debug_shared\updaterequest.obj
c:\poco\mongodb\obj64\mongodb\debug_shared\messageheader.obj
c:\poco\mongodb\obj64\mongodb\debug_shared\regularexpression.obj
c:\poco\mongodb\obj64\mongodb\debug_shared\vc141.pdb
c:\poco\bin64\pocomongodb64d.dll
c:\poco\bin64\pocomongodb64d.ilk
c:\poco\bin64\pocomongodb64d.pdb
c:\poco\lib64\pocomongodbd.lib
c:\poco\lib64\pocomongodbd.exp
c:\poco\mongodb\obj64\mongodb\debug_shared\dllversion.res
c:\poco\mongodb\..\bin64\pocomongodb64d.dll
c:\poco\mongodb\obj64\mongodb\debug_shared\mongodb.tlog\cl.102256.write.1.tlog
c:\poco\mongodb\obj64\mongodb\debug_shared\mongodb.tlog\cl.command.1.tlog
c:\poco\mongodb\obj64\mongodb\debug_shared\mongodb.tlog\cl.read.1.tlog
c:\poco\mongodb\obj64\mongodb\debug_shared\mongodb.tlog\link.command.1.tlog
c:\poco\mongodb\obj64\mongodb\debug_shared\mongodb.tlog\link.read.1.tlog
c:\poco\mongodb\obj64\mongodb\debug_shared\mongodb.tlog\link.write.1.tlog
c:\poco\mongodb\obj64\mongodb\debug_shared\mongodb.tlog\mongodb.write.1u.tlog
c:\poco\mongodb\obj64\mongodb\debug_shared\mongodb.tlog\rc.command.1.tlog
c:\poco\mongodb\obj64\mongodb\debug_shared\mongodb.tlog\rc.read.1.tlog
c:\poco\mongodb\obj64\mongodb\debug_shared\mongodb.tlog\rc.write.1.tlog
