c:\poco\data\obj64\data\debug_shared\vc141.pdb
c:\poco\data\obj64\data\debug_shared\statementimpl.obj
c:\poco\data\obj64\data\debug_shared\abstractpreparator.obj
c:\poco\data\obj64\data\debug_shared\sessionpoolcontainer.obj
c:\poco\data\obj64\data\debug_shared\pooledsessionimpl.obj
c:\poco\data\obj64\data\debug_shared\time.obj
c:\poco\data\obj64\data\debug_shared\abstractbinder.obj
c:\poco\data\obj64\data\debug_shared\statementcreator.obj
c:\poco\data\obj64\data\debug_shared\limit.obj
c:\poco\data\obj64\data\debug_shared\row.obj
c:\poco\data\obj64\data\debug_shared\archivestrategy.obj
c:\poco\data\obj64\data\debug_shared\transaction.obj
c:\poco\data\obj64\data\debug_shared\abstractpreparation.obj
c:\poco\data\obj64\data\debug_shared\sessionfactory.obj
c:\poco\data\obj64\data\debug_shared\metacolumn.obj
c:\poco\data\obj64\data\debug_shared\recordset.obj
c:\poco\data\obj64\data\debug_shared\dynamiclob.obj
c:\poco\data\obj64\data\debug_shared\position.obj
c:\poco\data\obj64\data\debug_shared\rowformatter.obj
c:\poco\data\obj64\data\debug_shared\pooledsessionholder.obj
c:\poco\data\obj64\data\debug_shared\session.obj
c:\poco\data\obj64\data\debug_shared\abstractbinding.obj
c:\poco\data\obj64\data\debug_shared\simplerowformatter.obj
c:\poco\data\obj64\data\debug_shared\abstractextraction.obj
c:\poco\data\obj64\data\debug_shared\sessionpool.obj
c:\poco\data\obj64\data\debug_shared\abstractextractor.obj
c:\poco\data\obj64\data\debug_shared\sessionimpl.obj
c:\poco\data\obj64\data\debug_shared\date.obj
c:\poco\data\obj64\data\debug_shared\statement.obj
c:\poco\data\obj64\data\debug_shared\bulk.obj
c:\poco\data\obj64\data\debug_shared\range.obj
c:\poco\data\obj64\data\debug_shared\sqlchannel.obj
c:\poco\data\obj64\data\debug_shared\connector.obj
c:\poco\data\obj64\data\debug_shared\rowiterator.obj
c:\poco\data\obj64\data\debug_shared\dataexception.obj
c:\poco\data\obj64\data\debug_shared\rowfilter.obj
c:\poco\lib64\pocodatad.lib
c:\poco\lib64\pocodatad.exp
c:\poco\bin64\pocodata64d.dll
c:\poco\bin64\pocodata64d.ilk
c:\poco\bin64\pocodata64d.pdb
c:\poco\data\obj64\data\debug_shared\dllversion.res
c:\poco\data\..\bin64\pocodata64d.dll
c:\poco\data\obj64\data\debug_shared\data.tlog\cl.command.1.tlog
c:\poco\data\obj64\data\debug_shared\data.tlog\cl.read.1.tlog
c:\poco\data\obj64\data\debug_shared\data.tlog\cl.write.1.tlog
c:\poco\data\obj64\data\debug_shared\data.tlog\data.write.1u.tlog
c:\poco\data\obj64\data\debug_shared\data.tlog\link.command.1.tlog
c:\poco\data\obj64\data\debug_shared\data.tlog\link.read.1.tlog
c:\poco\data\obj64\data\debug_shared\data.tlog\link.write.1.tlog
c:\poco\data\obj64\data\debug_shared\data.tlog\rc.command.1.tlog
c:\poco\data\obj64\data\debug_shared\data.tlog\rc.read.1.tlog
c:\poco\data\obj64\data\debug_shared\data.tlog\rc.write.1.tlog
