c:\poco\data\mysql\obj64\mysql\release_shared\sessionimpl.obj
c:\poco\data\mysql\obj64\mysql\release_shared\mysqlstatementimpl.obj
c:\poco\data\mysql\obj64\mysql\release_shared\sessionhandle.obj
c:\poco\data\mysql\obj64\mysql\release_shared\mysqlexception.obj
c:\poco\data\mysql\obj64\mysql\release_shared\statementexecutor.obj
c:\poco\data\mysql\obj64\mysql\release_shared\binder.obj
c:\poco\data\mysql\obj64\mysql\release_shared\connector.obj
c:\poco\data\mysql\obj64\mysql\release_shared\extractor.obj
c:\poco\data\mysql\obj64\mysql\release_shared\resultmetadata.obj
c:\poco\data\mysql\obj64\mysql\release_shared\utility.obj
c:\poco\bin64\pocodatamysql64.dll
c:\poco\lib64\pocodatamysql.lib
c:\poco\lib64\pocodatamysql.exp
c:\poco\data\mysql\obj64\mysql\release_shared\dllversion.res
c:\poco\data\mysql\..\..\bin64\pocodatamysql64.dll
c:\poco\data\mysql\obj64\mysql\release_shared\mysql.tlog\cl.106000.write.1.tlog
c:\poco\data\mysql\obj64\mysql\release_shared\mysql.tlog\cl.command.1.tlog
c:\poco\data\mysql\obj64\mysql\release_shared\mysql.tlog\cl.read.1.tlog
c:\poco\data\mysql\obj64\mysql\release_shared\mysql.tlog\link.command.1.tlog
c:\poco\data\mysql\obj64\mysql\release_shared\mysql.tlog\link.read.1.tlog
c:\poco\data\mysql\obj64\mysql\release_shared\mysql.tlog\link.write.1.tlog
c:\poco\data\mysql\obj64\mysql\release_shared\mysql.tlog\mysql.write.1u.tlog
c:\poco\data\mysql\obj64\mysql\release_shared\mysql.tlog\rc.command.1.tlog
c:\poco\data\mysql\obj64\mysql\release_shared\mysql.tlog\rc.read.1.tlog
c:\poco\data\mysql\obj64\mysql\release_shared\mysql.tlog\rc.write.1.tlog
