c:\poco\zip\obj64\zip\debug_shared\add.obj
c:\poco\zip\obj64\zip\debug_shared\compress.obj
c:\poco\zip\obj64\zip\debug_shared\zipcommon.obj
c:\poco\zip\obj64\zip\debug_shared\zipfileinfo.obj
c:\poco\zip\obj64\zip\debug_shared\decompress.obj
c:\poco\zip\obj64\zip\debug_shared\zipexception.obj
c:\poco\zip\obj64\zip\debug_shared\ziputil.obj
c:\poco\zip\obj64\zip\debug_shared\rename.obj
c:\poco\zip\obj64\zip\debug_shared\keep.obj
c:\poco\zip\obj64\zip\debug_shared\partialstream.obj
c:\poco\zip\obj64\zip\debug_shared\ziplocalfileheader.obj
c:\poco\zip\obj64\zip\debug_shared\replace.obj
c:\poco\zip\obj64\zip\debug_shared\autodetectstream.obj
c:\poco\zip\obj64\zip\debug_shared\zipoperation.obj
c:\poco\zip\obj64\zip\debug_shared\ziparchive.obj
c:\poco\zip\obj64\zip\debug_shared\zipdatainfo.obj
c:\poco\zip\obj64\zip\debug_shared\zipstream.obj
c:\poco\zip\obj64\zip\debug_shared\parsecallback.obj
c:\poco\zip\obj64\zip\debug_shared\zipmanipulator.obj
c:\poco\zip\obj64\zip\debug_shared\skipcallback.obj
c:\poco\zip\obj64\zip\debug_shared\ziparchiveinfo.obj
c:\poco\zip\obj64\zip\debug_shared\delete.obj
c:\poco\zip\obj64\zip\debug_shared\vc141.pdb
c:\poco\bin64\pocozip64d.dll
c:\poco\bin64\pocozip64d.ilk
c:\poco\bin64\pocozip64d.pdb
c:\poco\zip\obj64\zip\debug_shared\dllversion.res
c:\poco\lib64\pocozipd.lib
c:\poco\lib64\pocozipd.exp
c:\poco\zip\..\bin64\pocozip64d.dll
c:\poco\zip\obj64\zip\debug_shared\zip.tlog\cl.101300.write.1.tlog
c:\poco\zip\obj64\zip\debug_shared\zip.tlog\cl.command.1.tlog
c:\poco\zip\obj64\zip\debug_shared\zip.tlog\cl.read.1.tlog
c:\poco\zip\obj64\zip\debug_shared\zip.tlog\link.command.1.tlog
c:\poco\zip\obj64\zip\debug_shared\zip.tlog\link.read.1.tlog
c:\poco\zip\obj64\zip\debug_shared\zip.tlog\link.write.1.tlog
c:\poco\zip\obj64\zip\debug_shared\zip.tlog\rc.command.1.tlog
c:\poco\zip\obj64\zip\debug_shared\zip.tlog\rc.read.1.tlog
c:\poco\zip\obj64\zip\debug_shared\zip.tlog\rc.write.1.tlog
c:\poco\zip\obj64\zip\debug_shared\zip.tlog\zip.write.1u.tlog
