c:\poco\data\odbc\obj64\odbc\release_shared\connector.obj
c:\poco\data\odbc\obj64\odbc\release_shared\parameter.obj
c:\poco\data\odbc\obj64\odbc\release_shared\preparator.obj
c:\poco\data\odbc\obj64\odbc\release_shared\odbcexception.obj
c:\poco\data\odbc\obj64\odbc\release_shared\utility.obj
c:\poco\data\odbc\obj64\odbc\release_shared\extractor.obj
c:\poco\data\odbc\obj64\odbc\release_shared\connectionhandle.obj
c:\poco\data\odbc\obj64\odbc\release_shared\binder.obj
c:\poco\data\odbc\obj64\odbc\release_shared\sessionimpl.obj
c:\poco\data\odbc\obj64\odbc\release_shared\odbcmetacolumn.obj
c:\poco\data\odbc\obj64\odbc\release_shared\odbcstatementimpl.obj
c:\poco\data\odbc\obj64\odbc\release_shared\unicode.obj
c:\poco\data\odbc\obj64\odbc\release_shared\typeinfo.obj
c:\poco\data\odbc\obj64\odbc\release_shared\environmenthandle.obj
c:\poco\bin64\pocodataodbc64.dll
c:\poco\lib64\pocodataodbc.lib
c:\poco\lib64\pocodataodbc.exp
c:\poco\data\odbc\obj64\odbc\release_shared\dllversion.res
c:\poco\data\odbc\..\..\bin64\pocodataodbc64.dll
c:\poco\data\odbc\obj64\odbc\release_shared\odbc.tlog\cl.101476.write.1.tlog
c:\poco\data\odbc\obj64\odbc\release_shared\odbc.tlog\cl.command.1.tlog
c:\poco\data\odbc\obj64\odbc\release_shared\odbc.tlog\cl.read.1.tlog
c:\poco\data\odbc\obj64\odbc\release_shared\odbc.tlog\link.command.1.tlog
c:\poco\data\odbc\obj64\odbc\release_shared\odbc.tlog\link.read.1.tlog
c:\poco\data\odbc\obj64\odbc\release_shared\odbc.tlog\link.write.1.tlog
c:\poco\data\odbc\obj64\odbc\release_shared\odbc.tlog\odbc.write.1u.tlog
c:\poco\data\odbc\obj64\odbc\release_shared\odbc.tlog\rc.command.1.tlog
c:\poco\data\odbc\obj64\odbc\release_shared\odbc.tlog\rc.read.1.tlog
c:\poco\data\odbc\obj64\odbc\release_shared\odbc.tlog\rc.write.1.tlog
