c:\poco\encodings\obj64\encodings\release_shared\doublebyteencoding.obj
c:\poco\encodings\obj64\encodings\release_shared\windows1254encoding.obj
c:\poco\encodings\obj64\encodings\release_shared\iso8859_8encoding.obj
c:\poco\encodings\obj64\encodings\release_shared\windows932encoding.obj
c:\poco\encodings\obj64\encodings\release_shared\iso8859_11encoding.obj
c:\poco\encodings\obj64\encodings\release_shared\windows874encoding.obj
c:\poco\encodings\obj64\encodings\release_shared\iso8859_3encoding.obj
c:\poco\encodings\obj64\encodings\release_shared\macromanencoding.obj
c:\poco\encodings\obj64\encodings\release_shared\iso8859_13encoding.obj
c:\poco\encodings\obj64\encodings\release_shared\windows1257encoding.obj
c:\poco\encodings\obj64\encodings\release_shared\maccentraleurromanencoding.obj
c:\poco\encodings\obj64\encodings\release_shared\maccyrillicencoding.obj
c:\poco\encodings\obj64\encodings\release_shared\iso8859_6encoding.obj
c:\poco\encodings\obj64\encodings\release_shared\mackoreanencoding.obj
c:\poco\encodings\obj64\encodings\release_shared\encodings.obj
c:\poco\encodings\obj64\encodings\release_shared\windows949encoding.obj
c:\poco\encodings\obj64\encodings\release_shared\iso8859_9encoding.obj
c:\poco\encodings\obj64\encodings\release_shared\windows950encoding.obj
c:\poco\encodings\obj64\encodings\release_shared\iso8859_5encoding.obj
c:\poco\encodings\obj64\encodings\release_shared\windows1258encoding.obj
c:\poco\encodings\obj64\encodings\release_shared\iso8859_7encoding.obj
c:\poco\encodings\obj64\encodings\release_shared\windows1253encoding.obj
c:\poco\encodings\obj64\encodings\release_shared\iso8859_10encoding.obj
c:\poco\encodings\obj64\encodings\release_shared\windows1256encoding.obj
c:\poco\encodings\obj64\encodings\release_shared\iso8859_16encoding.obj
c:\poco\encodings\obj64\encodings\release_shared\macchinesetradencoding.obj
c:\poco\encodings\obj64\encodings\release_shared\iso8859_14encoding.obj
c:\poco\encodings\obj64\encodings\release_shared\macjapaneseencoding.obj
c:\poco\encodings\obj64\encodings\release_shared\iso8859_4encoding.obj
c:\poco\encodings\obj64\encodings\release_shared\windows1255encoding.obj
c:\poco\encodings\obj64\encodings\release_shared\macchinesesimpencoding.obj
c:\poco\encodings\obj64\encodings\release_shared\windows936encoding.obj
c:\poco\lib64\pocoencodings.lib
c:\poco\lib64\pocoencodings.exp
c:\poco\bin64\pocoencodings64.dll
c:\poco\encodings\obj64\encodings\release_shared\dllversion.res
c:\poco\encodings\..\bin64\pocoencodings64.dll
c:\poco\encodings\obj64\encodings\release_shared\encodings.tlog\cl.101188.write.1.tlog
c:\poco\encodings\obj64\encodings\release_shared\encodings.tlog\cl.command.1.tlog
c:\poco\encodings\obj64\encodings\release_shared\encodings.tlog\cl.read.1.tlog
c:\poco\encodings\obj64\encodings\release_shared\encodings.tlog\encodings.write.1u.tlog
c:\poco\encodings\obj64\encodings\release_shared\encodings.tlog\link.command.1.tlog
c:\poco\encodings\obj64\encodings\release_shared\encodings.tlog\link.read.1.tlog
c:\poco\encodings\obj64\encodings\release_shared\encodings.tlog\link.write.1.tlog
c:\poco\encodings\obj64\encodings\release_shared\encodings.tlog\rc.command.1.tlog
c:\poco\encodings\obj64\encodings\release_shared\encodings.tlog\rc.read.1.tlog
c:\poco\encodings\obj64\encodings\release_shared\encodings.tlog\rc.write.1.tlog
