c:\poco\crypto\obj64\crypto\release_shared\eckeyimpl.obj
c:\poco\crypto\obj64\crypto\release_shared\cipherfactory.obj
c:\poco\crypto\obj64\crypto\release_shared\keypairimpl.obj
c:\poco\crypto\obj64\crypto\release_shared\cipher.obj
c:\poco\crypto\obj64\crypto\release_shared\rsakeyimpl.obj
c:\poco\crypto\obj64\crypto\release_shared\cryptotransform.obj
c:\poco\crypto\obj64\crypto\release_shared\rsacipherimpl.obj
c:\poco\crypto\obj64\crypto\release_shared\evppkey.obj
c:\poco\crypto\obj64\crypto\release_shared\opensslinitializer.obj
c:\poco\crypto\obj64\crypto\release_shared\x509certificate.obj
c:\poco\crypto\obj64\crypto\release_shared\ecdsadigestengine.obj
c:\poco\crypto\obj64\crypto\release_shared\cipherkeyimpl.obj
c:\poco\crypto\obj64\crypto\release_shared\keypair.obj
c:\poco\crypto\obj64\crypto\release_shared\rsadigestengine.obj
c:\poco\crypto\obj64\crypto\release_shared\cryptoexception.obj
c:\poco\crypto\obj64\crypto\release_shared\pkcs12container.obj
c:\poco\crypto\obj64\crypto\release_shared\cipherimpl.obj
c:\poco\crypto\obj64\crypto\release_shared\eckey.obj
c:\poco\crypto\obj64\crypto\release_shared\cipherkey.obj
c:\poco\crypto\obj64\crypto\release_shared\digestengine.obj
c:\poco\crypto\obj64\crypto\release_shared\cryptostream.obj
c:\poco\crypto\obj64\crypto\release_shared\rsakey.obj
c:\poco\lib64\pococrypto.lib
c:\poco\lib64\pococrypto.exp
c:\poco\bin64\pococrypto64.dll
c:\poco\crypto\obj64\crypto\release_shared\dllversion.res
c:\poco\crypto\..\bin64\pococrypto64.dll
c:\poco\crypto\obj64\crypto\release_shared\crypto.tlog\cl.103124.write.1.tlog
c:\poco\crypto\obj64\crypto\release_shared\crypto.tlog\cl.command.1.tlog
c:\poco\crypto\obj64\crypto\release_shared\crypto.tlog\cl.read.1.tlog
c:\poco\crypto\obj64\crypto\release_shared\crypto.tlog\crypto.write.1u.tlog
c:\poco\crypto\obj64\crypto\release_shared\crypto.tlog\link.command.1.tlog
c:\poco\crypto\obj64\crypto\release_shared\crypto.tlog\link.read.1.tlog
c:\poco\crypto\obj64\crypto\release_shared\crypto.tlog\link.write.1.tlog
c:\poco\crypto\obj64\crypto\release_shared\crypto.tlog\rc.command.1.tlog
c:\poco\crypto\obj64\crypto\release_shared\crypto.tlog\rc.read.1.tlog
c:\poco\crypto\obj64\crypto\release_shared\crypto.tlog\rc.write.1.tlog
