c:\poco\xml\obj64\xml\release_shared\attr.obj
c:\poco\xml\obj64\xml\release_shared\dtdhandler.obj
c:\poco\xml\obj64\xml\release_shared\eventexception.obj
c:\poco\xml\obj64\xml\release_shared\nodeiterator.obj
c:\poco\xml\obj64\xml\release_shared\xmlstreamparser.obj
c:\poco\xml\obj64\xml\release_shared\abstractcontainernode.obj
c:\poco\xml\obj64\xml\release_shared\entityresolverimpl.obj
c:\poco\xml\obj64\xml\release_shared\namepool.obj
c:\poco\xml\obj64\xml\release_shared\valuetraits.obj
c:\poco\xml\obj64\xml\release_shared\attrmap.obj
c:\poco\xml\obj64\xml\release_shared\entityreference.obj
c:\poco\xml\obj64\xml\release_shared\inputsource.obj
c:\poco\xml\obj64\xml\release_shared\saxparser.obj
c:\poco\xml\obj64\xml\release_shared\declhandler.obj
c:\poco\xml\obj64\xml\release_shared\domexception.obj
c:\poco\xml\obj64\xml\release_shared\errorhandler.obj
c:\poco\xml\obj64\xml\release_shared\node.obj
c:\poco\xml\obj64\xml\release_shared\xmlfilter.obj
c:\poco\xml\obj64\xml\release_shared\cdatasection.obj
c:\poco\xml\obj64\xml\release_shared\entityresolver.obj
c:\poco\xml\obj64\xml\release_shared\locatorimpl.obj
c:\poco\xml\obj64\xml\release_shared\text.obj
c:\poco\xml\obj64\xml\release_shared\documentevent.obj
c:\poco\xml\obj64\xml\release_shared\domimplementation.obj
c:\poco\xml\obj64\xml\release_shared\lexicalhandler.obj
c:\poco\xml\obj64\xml\release_shared\notation.obj
c:\poco\xml\obj64\xml\release_shared\xmlwriter.obj
c:\poco\xml\obj64\xml\release_shared\attributes.obj
c:\poco\xml\obj64\xml\release_shared\documenttype.obj
c:\poco\xml\obj64\xml\release_shared\eventdispatcher.obj
c:\poco\xml\obj64\xml\release_shared\parserengine.obj
c:\poco\xml\obj64\xml\release_shared\abstractnode.obj
c:\poco\xml\obj64\xml\release_shared\elementsbytagnamelist.obj
c:\poco\xml\obj64\xml\release_shared\locator.obj
c:\poco\xml\obj64\xml\release_shared\processinginstruction.obj
c:\poco\xml\obj64\xml\release_shared\xmlstreamparserexception.obj
c:\poco\xml\obj64\xml\release_shared\document.obj
c:\poco\xml\obj64\xml\release_shared\entity.obj
c:\poco\xml\obj64\xml\release_shared\namednodemap.obj
c:\poco\xml\obj64\xml\release_shared\qname.obj
c:\poco\xml\obj64\xml\release_shared\contenthandler.obj
c:\poco\xml\obj64\xml\release_shared\domobject.obj
c:\poco\xml\obj64\xml\release_shared\event.obj
c:\poco\xml\obj64\xml\release_shared\nodefilter.obj
c:\poco\xml\obj64\xml\release_shared\xmlexception.obj
c:\poco\xml\obj64\xml\release_shared\characterdata.obj
c:\poco\xml\obj64\xml\release_shared\element.obj
c:\poco\xml\obj64\xml\release_shared\name.obj
c:\poco\xml\obj64\xml\release_shared\treewalker.obj
c:\poco\xml\obj64\xml\release_shared\comment.obj
c:\poco\xml\obj64\xml\release_shared\domserializer.obj
c:\poco\xml\obj64\xml\release_shared\mutationevent.obj
c:\poco\xml\obj64\xml\release_shared\saxexception.obj
c:\poco\xml\obj64\xml\release_shared\childnodeslist.obj
c:\poco\xml\obj64\xml\release_shared\domparser.obj
c:\poco\xml\obj64\xml\release_shared\namespacesupport.obj
c:\poco\xml\obj64\xml\release_shared\xmlreader.obj
c:\poco\xml\obj64\xml\release_shared\attributesimpl.obj
c:\poco\xml\obj64\xml\release_shared\dtdmap.obj
c:\poco\xml\obj64\xml\release_shared\eventlistener.obj
c:\poco\xml\obj64\xml\release_shared\nodelist.obj
c:\poco\xml\obj64\xml\release_shared\xmlparse.obj
c:\poco\xml\obj64\xml\release_shared\documentfragment.obj
c:\poco\xml\obj64\xml\release_shared\domwriter.obj
c:\poco\xml\obj64\xml\release_shared\namespacestrategy.obj
c:\poco\xml\obj64\xml\release_shared\whitespacefilter.obj
c:\poco\xml\obj64\xml\release_shared\defaulthandler.obj
c:\poco\xml\obj64\xml\release_shared\dombuilder.obj
c:\poco\xml\obj64\xml\release_shared\eventtarget.obj
c:\poco\xml\obj64\xml\release_shared\nodeappender.obj
c:\poco\xml\obj64\xml\release_shared\xmlfilterimpl.obj
c:\poco\xml\obj64\xml\release_shared\xmltok.obj
c:\poco\xml\obj64\xml\release_shared\xmlrole.obj
c:\poco\bin64\pocoxml64.dll
c:\poco\xml\obj64\xml\release_shared\dllversion.res
c:\poco\lib64\pocoxml.lib
c:\poco\lib64\pocoxml.exp
c:\poco\xml\..\bin64\pocoxml64.dll
c:\poco\xml\obj64\xml\release_shared\xml.tlog\cl.102140.write.1.tlog
c:\poco\xml\obj64\xml\release_shared\xml.tlog\cl.command.1.tlog
c:\poco\xml\obj64\xml\release_shared\xml.tlog\cl.read.1.tlog
c:\poco\xml\obj64\xml\release_shared\xml.tlog\link.command.1.tlog
c:\poco\xml\obj64\xml\release_shared\xml.tlog\link.read.1.tlog
c:\poco\xml\obj64\xml\release_shared\xml.tlog\link.write.1.tlog
c:\poco\xml\obj64\xml\release_shared\xml.tlog\rc.command.1.tlog
c:\poco\xml\obj64\xml\release_shared\xml.tlog\rc.read.1.tlog
c:\poco\xml\obj64\xml\release_shared\xml.tlog\rc.write.1.tlog
c:\poco\xml\obj64\xml\release_shared\xml.tlog\xml.write.1u.tlog
