c:\poco\net\obj64\net\debug_shared\htmlform.obj
c:\poco\net\obj64\net\debug_shared\httpheaderstream.obj
c:\poco\net\obj64\net\debug_shared\httpsessionfactory.obj
c:\poco\net\obj64\net\debug_shared\mailstream.obj
c:\poco\net\obj64\net\debug_shared\ntppacket.obj
c:\poco\net\obj64\net\debug_shared\rawsocketimpl.obj
c:\poco\net\obj64\net\debug_shared\socketreactor.obj
c:\poco\net\obj64\net\debug_shared\dialogsocket.obj
c:\poco\net\obj64\net\debug_shared\httprequesthandlerfactory.obj
c:\poco\net\obj64\net\debug_shared\icmpeventargs.obj
c:\poco\net\obj64\net\debug_shared\multipartwriter.obj
c:\poco\net\obj64\net\debug_shared\partstore.obj
c:\poco\net\obj64\net\debug_shared\socketaddress.obj
c:\poco\net\obj64\net\debug_shared\tcpserverparams.obj
c:\poco\net\obj64\net\debug_shared\hostentry.obj
c:\poco\net\obj64\net\debug_shared\httprequesthandler.obj
c:\poco\net\obj64\net\debug_shared\httpserversession.obj
c:\poco\net\obj64\net\debug_shared\mailmessage.obj
c:\poco\net\obj64\net\debug_shared\quotedprintableencoder.obj
c:\poco\net\obj64\net\debug_shared\socketnotification.obj
c:\poco\net\obj64\net\debug_shared\udpserverparams.obj
c:\poco\net\obj64\net\debug_shared\httpbasiccredentials.obj
c:\poco\net\obj64\net\debug_shared\httpfixedlengthstream.obj
c:\poco\net\obj64\net\debug_shared\httpsession.obj
c:\poco\net\obj64\net\debug_shared\mailrecipient.obj
c:\poco\net\obj64\net\debug_shared\ntpclient.obj
c:\poco\net\obj64\net\debug_shared\smtpclientsession.obj
c:\poco\net\obj64\net\debug_shared\websocket.obj
c:\poco\net\obj64\net\debug_shared\ftpstreamfactory.obj
c:\poco\net\obj64\net\debug_shared\httpserverconnectionfactory.obj
c:\poco\net\obj64\net\debug_shared\icmpsocket.obj
c:\poco\net\obj64\net\debug_shared\networkinterface.obj
c:\poco\net\obj64\net\debug_shared\socketnotifier.obj
c:\poco\net\obj64\net\debug_shared\websocketimpl.obj
c:\poco\net\obj64\net\debug_shared\filepartsource.obj
c:\poco\net\obj64\net\debug_shared\httpdigestcredentials.obj
c:\poco\net\obj64\net\debug_shared\httpserverrequestimpl.obj
c:\poco\net\obj64\net\debug_shared\ipaddressimpl.obj
c:\poco\net\obj64\net\debug_shared\oauth20credentials.obj
c:\poco\net\obj64\net\debug_shared\serversocketimpl.obj
c:\poco\net\obj64\net\debug_shared\streamsocketimpl.obj
c:\poco\net\obj64\net\debug_shared\datagramsocketimpl.obj
c:\poco\net\obj64\net\debug_shared\httpntlmcredentials.obj
c:\poco\net\obj64\net\debug_shared\httpstreamfactory.obj
c:\poco\net\obj64\net\debug_shared\namevaluecollection.obj
c:\poco\net\obj64\net\debug_shared\partsource.obj
c:\poco\net\obj64\net\debug_shared\socket.obj
c:\poco\net\obj64\net\debug_shared\tcpserverconnectionfactory.obj
c:\poco\net\obj64\net\debug_shared\httpcookie.obj
c:\poco\net\obj64\net\debug_shared\httpiostream.obj
c:\poco\net\obj64\net\debug_shared\httpstream.obj
c:\poco\net\obj64\net\debug_shared\messageheader.obj
c:\poco\net\obj64\net\debug_shared\pop3clientsession.obj
c:\poco\net\obj64\net\debug_shared\sspintlmcredentials.obj
c:\poco\net\obj64\net\debug_shared\httpauthenticationparams.obj
c:\poco\net\obj64\net\debug_shared\httpcredentials.obj
c:\poco\net\obj64\net\debug_shared\httpserverresponse.obj
c:\poco\net\obj64\net\debug_shared\ipaddress.obj
c:\poco\net\obj64\net\debug_shared\ntpeventargs.obj
c:\poco\net\obj64\net\debug_shared\smtpchannel.obj
c:\poco\net\obj64\net\debug_shared\tcpserverdispatcher.obj
c:\poco\net\obj64\net\debug_shared\httpclientsession.obj
c:\poco\net\obj64\net\debug_shared\httpserverrequest.obj
c:\poco\net\obj64\net\debug_shared\icmpv4packetimpl.obj
c:\poco\net\obj64\net\debug_shared\oauth10credentials.obj
c:\poco\net\obj64\net\debug_shared\socketimpl.obj
c:\poco\net\obj64\net\debug_shared\abstracthttprequesthandler.obj
c:\poco\net\obj64\net\debug_shared\httpresponse.obj
c:\poco\net\obj64\net\debug_shared\icmpclient.obj
c:\poco\net\obj64\net\debug_shared\multipartreader.obj
c:\poco\net\obj64\net\debug_shared\parthandler.obj
c:\poco\net\obj64\net\debug_shared\serversocket.obj
c:\poco\net\obj64\net\debug_shared\tcpserver.obj
c:\poco\net\obj64\net\debug_shared\datagramsocket.obj
c:\poco\net\obj64\net\debug_shared\httpmessage.obj
c:\poco\net\obj64\net\debug_shared\httpserverresponseimpl.obj
c:\poco\net\obj64\net\debug_shared\mediatype.obj
c:\poco\net\obj64\net\debug_shared\nullparthandler.obj
c:\poco\net\obj64\net\debug_shared\remotesysloglistener.obj
c:\poco\net\obj64\net\debug_shared\tcpserverconnection.obj
c:\poco\net\obj64\net\debug_shared\ftpclientsession.obj
c:\poco\net\obj64\net\debug_shared\httpserverparams.obj
c:\poco\net\obj64\net\debug_shared\icmppacket.obj
c:\poco\net\obj64\net\debug_shared\netexception.obj
c:\poco\net\obj64\net\debug_shared\quotedprintabledecoder.obj
c:\poco\net\obj64\net\debug_shared\socketaddressimpl.obj
c:\poco\net\obj64\net\debug_shared\udpclient.obj
c:\poco\net\obj64\net\debug_shared\httpchunkedstream.obj
c:\poco\net\obj64\net\debug_shared\httpserverconnection.obj
c:\poco\net\obj64\net\debug_shared\icmpsocketimpl.obj
c:\poco\net\obj64\net\debug_shared\ntlmcredentials.obj
c:\poco\net\obj64\net\debug_shared\remotesyslogchannel.obj
c:\poco\net\obj64\net\debug_shared\stringpartsource.obj
c:\poco\net\obj64\net\debug_shared\httpbufferallocator.obj
c:\poco\net\obj64\net\debug_shared\httprequest.obj
c:\poco\net\obj64\net\debug_shared\httpsessioninstantiator.obj
c:\poco\net\obj64\net\debug_shared\multicastsocket.obj
c:\poco\net\obj64\net\debug_shared\rawsocket.obj
c:\poco\net\obj64\net\debug_shared\socketstream.obj
c:\poco\net\obj64\net\debug_shared\dns.obj
c:\poco\net\obj64\net\debug_shared\httpserver.obj
c:\poco\net\obj64\net\debug_shared\icmppacketimpl.obj
c:\poco\net\obj64\net\debug_shared\net.obj
c:\poco\net\obj64\net\debug_shared\pollset.obj
c:\poco\net\obj64\net\debug_shared\streamsocket.obj
c:\poco\net\obj64\net\debug_shared\vc141.pdb
c:\poco\bin64\poconet64d.ilk
c:\poco\bin64\poconet64d.dll
c:\poco\bin64\poconet64d.pdb
c:\poco\lib64\poconetd.lib
c:\poco\lib64\poconetd.exp
c:\poco\net\obj64\net\debug_shared\dllversion.res
c:\poco\net\..\bin64\poconet64d.dll
c:\poco\net\obj64\net\debug_shared\net.tlog\cl.108724.write.1.tlog
c:\poco\net\obj64\net\debug_shared\net.tlog\cl.command.1.tlog
c:\poco\net\obj64\net\debug_shared\net.tlog\cl.read.1.tlog
c:\poco\net\obj64\net\debug_shared\net.tlog\link.command.1.tlog
c:\poco\net\obj64\net\debug_shared\net.tlog\link.read.1.tlog
c:\poco\net\obj64\net\debug_shared\net.tlog\link.write.1.tlog
c:\poco\net\obj64\net\debug_shared\net.tlog\net.write.1u.tlog
c:\poco\net\obj64\net\debug_shared\net.tlog\rc.command.1.tlog
c:\poco\net\obj64\net\debug_shared\net.tlog\rc.read.1.tlog
c:\poco\net\obj64\net\debug_shared\net.tlog\rc.write.1.tlog
