c:\poco\pdf\obj64\pdf\release_shared\hpdf_encoder_cns.obj
c:\poco\pdf\obj64\pdf\release_shared\pnggccrd.obj
c:\poco\pdf\obj64\pdf\release_shared\pngset.obj
c:\poco\pdf\obj64\pdf\release_shared\hpdf_array.obj
c:\poco\pdf\obj64\pdf\release_shared\hpdf_encryptdict.obj
c:\poco\pdf\obj64\pdf\release_shared\hpdf_fontdef_cns.obj
c:\poco\pdf\obj64\pdf\release_shared\hpdf_image_png.obj
c:\poco\pdf\obj64\pdf\release_shared\inflate.obj
c:\poco\pdf\obj64\pdf\release_shared\hpdf_encoder.obj
c:\poco\pdf\obj64\pdf\release_shared\hpdf_fontdef_kr.obj
c:\poco\pdf\obj64\pdf\release_shared\hpdf_mmgr.obj
c:\poco\pdf\obj64\pdf\release_shared\hpdf_streams.obj
c:\poco\pdf\obj64\pdf\release_shared\pngrtran.obj
c:\poco\pdf\obj64\pdf\release_shared\adler32.obj
c:\poco\pdf\obj64\pdf\release_shared\hpdf_encoder_cnt.obj
c:\poco\pdf\obj64\pdf\release_shared\hpdf_font_tt.obj
c:\poco\pdf\obj64\pdf\release_shared\hpdf_null.obj
c:\poco\pdf\obj64\pdf\release_shared\hpdf_pages.obj
c:\poco\pdf\obj64\pdf\release_shared\pngrio.obj
c:\poco\pdf\obj64\pdf\release_shared\deflate.obj
c:\poco\pdf\obj64\pdf\release_shared\hpdf_fontdef_jp.obj
c:\poco\pdf\obj64\pdf\release_shared\hpdf_namedict.obj
c:\poco\pdf\obj64\pdf\release_shared\hpdf_string.obj
c:\poco\pdf\obj64\pdf\release_shared\pngrutil.obj
c:\poco\pdf\obj64\pdf\release_shared\compress.obj
c:\poco\pdf\obj64\pdf\release_shared\hpdf_annotation.obj
c:\poco\pdf\obj64\pdf\release_shared\hpdf_encoder_kr.obj
c:\poco\pdf\obj64\pdf\release_shared\inftrees.obj
c:\poco\pdf\obj64\pdf\release_shared\pngtrans.obj
c:\poco\pdf\obj64\pdf\release_shared\hpdf_boolean.obj
c:\poco\pdf\obj64\pdf\release_shared\hpdf_encoder_jp.obj
c:\poco\pdf\obj64\pdf\release_shared\hpdf_objects.obj
c:\poco\pdf\obj64\pdf\release_shared\hpdf_xref.obj
c:\poco\pdf\obj64\pdf\release_shared\pngread.obj
c:\poco\pdf\obj64\pdf\release_shared\gzio.obj
c:\poco\pdf\obj64\pdf\release_shared\hpdf_fontdef_base14.obj
c:\poco\pdf\obj64\pdf\release_shared\hpdf_image_ccitt.obj
c:\poco\pdf\obj64\pdf\release_shared\infback.obj
c:\poco\pdf\obj64\pdf\release_shared\crc32.obj
c:\poco\pdf\obj64\pdf\release_shared\hpdf_encoder_utf.obj
c:\poco\pdf\obj64\pdf\release_shared\hpdf_fontdef_tt.obj
c:\poco\pdf\obj64\pdf\release_shared\hpdf_outline.obj
c:\poco\pdf\obj64\pdf\release_shared\inffast.obj
c:\poco\pdf\obj64\pdf\release_shared\pngwrite.obj
c:\poco\pdf\obj64\pdf\release_shared\hpdf_doc.obj
c:\poco\pdf\obj64\pdf\release_shared\hpdf_fontdef_cid.obj
c:\poco\pdf\obj64\pdf\release_shared\hpdf_image.obj
c:\poco\pdf\obj64\pdf\release_shared\hpdf_utils.obj
c:\poco\pdf\obj64\pdf\release_shared\pngmem.obj
c:\poco\pdf\obj64\pdf\release_shared\zutil.obj
c:\poco\pdf\obj64\pdf\release_shared\hpdf_destination.obj
c:\poco\pdf\obj64\pdf\release_shared\hpdf_font.obj
c:\poco\pdf\obj64\pdf\release_shared\hpdf_font_type1.obj
c:\poco\pdf\obj64\pdf\release_shared\hpdf_u3d.obj
c:\poco\pdf\obj64\pdf\release_shared\pngtest.obj
c:\poco\pdf\obj64\pdf\release_shared\hpdf_binary.obj
c:\poco\pdf\obj64\pdf\release_shared\hpdf_ext_gstate.obj
c:\poco\pdf\obj64\pdf\release_shared\hpdf_font_cid.obj
c:\poco\pdf\obj64\pdf\release_shared\hpdf_page_label.obj
c:\poco\pdf\obj64\pdf\release_shared\pngerror.obj
c:\poco\pdf\obj64\pdf\release_shared\pngwio.obj
c:\poco\pdf\obj64\pdf\release_shared\hpdf_3dmeasure.obj
c:\poco\pdf\obj64\pdf\release_shared\hpdf_encrypt.obj
c:\poco\pdf\obj64\pdf\release_shared\hpdf_gstate.obj
c:\poco\pdf\obj64\pdf\release_shared\hpdf_number.obj
c:\poco\pdf\obj64\pdf\release_shared\hpdf_real.obj
c:\poco\pdf\obj64\pdf\release_shared\pngget.obj
c:\poco\pdf\obj64\pdf\release_shared\pngvcrd.obj
c:\poco\pdf\obj64\pdf\release_shared\pngwtran.obj
c:\poco\pdf\obj64\pdf\release_shared\hpdf_doc_png.obj
c:\poco\pdf\obj64\pdf\release_shared\hpdf_exdata.obj
c:\poco\pdf\obj64\pdf\release_shared\hpdf_fontdef_cnt.obj
c:\poco\pdf\obj64\pdf\release_shared\hpdf_list.obj
c:\poco\pdf\obj64\pdf\release_shared\hpdf_page_operator.obj
c:\poco\pdf\obj64\pdf\release_shared\pngwutil.obj
c:\poco\pdf\obj64\pdf\release_shared\hpdf_catalog.obj
c:\poco\pdf\obj64\pdf\release_shared\hpdf_error.obj
c:\poco\pdf\obj64\pdf\release_shared\hpdf_fontdef_type1.obj
c:\poco\pdf\obj64\pdf\release_shared\hpdf_name.obj
c:\poco\pdf\obj64\pdf\release_shared\png.obj
c:\poco\pdf\obj64\pdf\release_shared\trees.obj
c:\poco\pdf\obj64\pdf\release_shared\hpdf_dict.obj
c:\poco\pdf\obj64\pdf\release_shared\hpdf_fontdef.obj
c:\poco\pdf\obj64\pdf\release_shared\hpdf_info.obj
c:\poco\pdf\obj64\pdf\release_shared\hpdf_pdfa.obj
c:\poco\pdf\obj64\pdf\release_shared\pngpread.obj
c:\poco\pdf\obj64\pdf\release_shared\linkannotation.obj
c:\poco\pdf\obj64\pdf\release_shared\xmltemplate.obj
c:\poco\pdf\obj64\pdf\release_shared\page.obj
c:\poco\pdf\obj64\pdf\release_shared\outline.obj
c:\poco\pdf\obj64\pdf\release_shared\table.obj
c:\poco\pdf\obj64\pdf\release_shared\document.obj
c:\poco\pdf\obj64\pdf\release_shared\destination.obj
c:\poco\pdf\obj64\pdf\release_shared\image.obj
c:\poco\pdf\obj64\pdf\release_shared\attributedstring.obj
c:\poco\pdf\obj64\pdf\release_shared\textannotation.obj
c:\poco\pdf\obj64\pdf\release_shared\pdfexception.obj
c:\poco\pdf\obj64\pdf\release_shared\cell.obj
c:\poco\pdf\obj64\pdf\release_shared\font.obj
c:\poco\pdf\obj64\pdf\release_shared\encoder.obj
c:\poco\bin64\pocopdf64.dll
c:\poco\lib64\pocopdf.lib
c:\poco\lib64\pocopdf.exp
c:\poco\pdf\obj64\pdf\release_shared\dllversion.res
c:\poco\pdf\..\bin64\pocopdf64.dll
c:\poco\pdf\obj64\pdf\release_shared\pdf.tlog\cl.100204.write.1.tlog
c:\poco\pdf\obj64\pdf\release_shared\pdf.tlog\cl.command.1.tlog
c:\poco\pdf\obj64\pdf\release_shared\pdf.tlog\cl.read.1.tlog
c:\poco\pdf\obj64\pdf\release_shared\pdf.tlog\link.command.1.tlog
c:\poco\pdf\obj64\pdf\release_shared\pdf.tlog\link.read.1.tlog
c:\poco\pdf\obj64\pdf\release_shared\pdf.tlog\link.write.1.tlog
c:\poco\pdf\obj64\pdf\release_shared\pdf.tlog\pdf.write.1u.tlog
c:\poco\pdf\obj64\pdf\release_shared\pdf.tlog\rc.command.1.tlog
c:\poco\pdf\obj64\pdf\release_shared\pdf.tlog\rc.read.1.tlog
c:\poco\pdf\obj64\pdf\release_shared\pdf.tlog\rc.write.1.tlog
