c:\poco\json\obj64\json\debug_shared\array.obj
c:\poco\json\obj64\json\debug_shared\object.obj
c:\poco\json\obj64\json\debug_shared\pdjson.obj
c:\poco\json\obj64\json\debug_shared\query.obj
c:\poco\json\obj64\json\debug_shared\parsehandler.obj
c:\poco\json\obj64\json\debug_shared\handler.obj
c:\poco\json\obj64\json\debug_shared\printhandler.obj
c:\poco\json\obj64\json\debug_shared\templatecache.obj
c:\poco\json\obj64\json\debug_shared\parser.obj
c:\poco\json\obj64\json\debug_shared\stringifier.obj
c:\poco\json\obj64\json\debug_shared\jsonexception.obj
c:\poco\json\obj64\json\debug_shared\template.obj
c:\poco\json\obj64\json\debug_shared\parserimpl.obj
c:\poco\json\obj64\json\debug_shared\vc141.pdb
c:\poco\lib64\pocojsond.lib
c:\poco\lib64\pocojsond.exp
c:\poco\bin64\pocojson64d.ilk
c:\poco\bin64\pocojson64d.dll
c:\poco\bin64\pocojson64d.pdb
c:\poco\json\obj64\json\debug_shared\dllversion.res
c:\poco\json\..\bin64\pocojson64d.dll
c:\poco\json\obj64\json\debug_shared\json.tlog\cl.101156.write.1.tlog
c:\poco\json\obj64\json\debug_shared\json.tlog\cl.command.1.tlog
c:\poco\json\obj64\json\debug_shared\json.tlog\cl.read.1.tlog
c:\poco\json\obj64\json\debug_shared\json.tlog\json.write.1u.tlog
c:\poco\json\obj64\json\debug_shared\json.tlog\link.command.1.tlog
c:\poco\json\obj64\json\debug_shared\json.tlog\link.read.1.tlog
c:\poco\json\obj64\json\debug_shared\json.tlog\link.write.1.tlog
c:\poco\json\obj64\json\debug_shared\json.tlog\rc.command.1.tlog
c:\poco\json\obj64\json\debug_shared\json.tlog\rc.read.1.tlog
c:\poco\json\obj64\json\debug_shared\json.tlog\rc.write.1.tlog
