c:\poco\netssl_openssl\obj64\netssl_openssl\release_shared\privatekeyfactory.obj
c:\poco\netssl_openssl\obj64\netssl_openssl\release_shared\x509certificate.obj
c:\poco\netssl_openssl\obj64\netssl_openssl\release_shared\httpssessioninstantiator.obj
c:\poco\netssl_openssl\obj64\netssl_openssl\release_shared\securesocketimpl.obj
c:\poco\netssl_openssl\obj64\netssl_openssl\release_shared\ftpsstreamfactory.obj
c:\poco\netssl_openssl\obj64\netssl_openssl\release_shared\securestreamsocketimpl.obj
c:\poco\netssl_openssl\obj64\netssl_openssl\release_shared\certificatehandlerfactorymgr.obj
c:\poco\netssl_openssl\obj64\netssl_openssl\release_shared\securestreamsocket.obj
c:\poco\netssl_openssl\obj64\netssl_openssl\release_shared\privatekeyfactorymgr.obj
c:\poco\netssl_openssl\obj64\netssl_openssl\release_shared\securesmtpclientsession.obj
c:\poco\netssl_openssl\obj64\netssl_openssl\release_shared\certificatehandlerfactory.obj
c:\poco\netssl_openssl\obj64\netssl_openssl\release_shared\sslexception.obj
c:\poco\netssl_openssl\obj64\netssl_openssl\release_shared\keyconsolehandler.obj
c:\poco\netssl_openssl\obj64\netssl_openssl\release_shared\rejectcertificatehandler.obj
c:\poco\netssl_openssl\obj64\netssl_openssl\release_shared\httpsclientsession.obj
c:\poco\netssl_openssl\obj64\netssl_openssl\release_shared\invalidcertificatehandler.obj
c:\poco\netssl_openssl\obj64\netssl_openssl\release_shared\session.obj
c:\poco\netssl_openssl\obj64\netssl_openssl\release_shared\consolecertificatehandler.obj
c:\poco\netssl_openssl\obj64\netssl_openssl\release_shared\secureserversocketimpl.obj
c:\poco\netssl_openssl\obj64\netssl_openssl\release_shared\context.obj
c:\poco\netssl_openssl\obj64\netssl_openssl\release_shared\privatekeypassphrasehandler.obj
c:\poco\netssl_openssl\obj64\netssl_openssl\release_shared\verificationerrorargs.obj
c:\poco\netssl_openssl\obj64\netssl_openssl\release_shared\acceptcertificatehandler.obj
c:\poco\netssl_openssl\obj64\netssl_openssl\release_shared\secureserversocket.obj
c:\poco\netssl_openssl\obj64\netssl_openssl\release_shared\ftpsclientsession.obj
c:\poco\netssl_openssl\obj64\netssl_openssl\release_shared\sslmanager.obj
c:\poco\netssl_openssl\obj64\netssl_openssl\release_shared\httpsstreamfactory.obj
c:\poco\netssl_openssl\obj64\netssl_openssl\release_shared\utility.obj
c:\poco\netssl_openssl\obj64\netssl_openssl\release_shared\keyfilehandler.obj
c:\poco\bin64\poconetssl64.dll
c:\poco\lib64\poconetssl.lib
c:\poco\lib64\poconetssl.exp
c:\poco\netssl_openssl\obj64\netssl_openssl\release_shared\dllversion.res
c:\poco\netssl_openssl\..\bin64\poconetssl64.dll
c:\poco\netssl_openssl\obj64\netssl_openssl\release_shared\netssl_openssl.tlog\cl.103044.write.1.tlog
c:\poco\netssl_openssl\obj64\netssl_openssl\release_shared\netssl_openssl.tlog\cl.command.1.tlog
c:\poco\netssl_openssl\obj64\netssl_openssl\release_shared\netssl_openssl.tlog\cl.read.1.tlog
c:\poco\netssl_openssl\obj64\netssl_openssl\release_shared\netssl_openssl.tlog\link.command.1.tlog
c:\poco\netssl_openssl\obj64\netssl_openssl\release_shared\netssl_openssl.tlog\link.read.1.tlog
c:\poco\netssl_openssl\obj64\netssl_openssl\release_shared\netssl_openssl.tlog\link.write.1.tlog
c:\poco\netssl_openssl\obj64\netssl_openssl\release_shared\netssl_openssl.tlog\netssl_openssl.write.1u.tlog
c:\poco\netssl_openssl\obj64\netssl_openssl\release_shared\netssl_openssl.tlog\rc.command.1.tlog
c:\poco\netssl_openssl\obj64\netssl_openssl\release_shared\netssl_openssl.tlog\rc.read.1.tlog
c:\poco\netssl_openssl\obj64\netssl_openssl\release_shared\netssl_openssl.tlog\rc.write.1.tlog
