c:\poco\netssl_openssl\obj64\netssl_openssl\debug_shared\ftpsclientsession.obj
c:\poco\netssl_openssl\obj64\netssl_openssl\debug_shared\httpsstreamfactory.obj
c:\poco\netssl_openssl\obj64\netssl_openssl\debug_shared\sslmanager.obj
c:\poco\netssl_openssl\obj64\netssl_openssl\debug_shared\privatekeypassphrasehandler.obj
c:\poco\netssl_openssl\obj64\netssl_openssl\debug_shared\sslexception.obj
c:\poco\netssl_openssl\obj64\netssl_openssl\debug_shared\invalidcertificatehandler.obj
c:\poco\netssl_openssl\obj64\netssl_openssl\debug_shared\utility.obj
c:\poco\netssl_openssl\obj64\netssl_openssl\debug_shared\privatekeyfactorymgr.obj
c:\poco\netssl_openssl\obj64\netssl_openssl\debug_shared\secureserversocketimpl.obj
c:\poco\netssl_openssl\obj64\netssl_openssl\debug_shared\consolecertificatehandler.obj
c:\poco\netssl_openssl\obj64\netssl_openssl\debug_shared\securesmtpclientsession.obj
c:\poco\netssl_openssl\obj64\netssl_openssl\debug_shared\keyconsolehandler.obj
c:\poco\netssl_openssl\obj64\netssl_openssl\debug_shared\rejectcertificatehandler.obj
c:\poco\netssl_openssl\obj64\netssl_openssl\debug_shared\acceptcertificatehandler.obj
c:\poco\netssl_openssl\obj64\netssl_openssl\debug_shared\secureserversocket.obj
c:\poco\netssl_openssl\obj64\netssl_openssl\debug_shared\certificatehandlerfactorymgr.obj
c:\poco\netssl_openssl\obj64\netssl_openssl\debug_shared\securesocketimpl.obj
c:\poco\netssl_openssl\obj64\netssl_openssl\debug_shared\certificatehandlerfactory.obj
c:\poco\netssl_openssl\obj64\netssl_openssl\debug_shared\session.obj
c:\poco\netssl_openssl\obj64\netssl_openssl\debug_shared\httpssessioninstantiator.obj
c:\poco\netssl_openssl\obj64\netssl_openssl\debug_shared\securestreamsocketimpl.obj
c:\poco\netssl_openssl\obj64\netssl_openssl\debug_shared\ftpsstreamfactory.obj
c:\poco\netssl_openssl\obj64\netssl_openssl\debug_shared\securestreamsocket.obj
c:\poco\netssl_openssl\obj64\netssl_openssl\debug_shared\httpsclientsession.obj
c:\poco\netssl_openssl\obj64\netssl_openssl\debug_shared\context.obj
c:\poco\netssl_openssl\obj64\netssl_openssl\debug_shared\verificationerrorargs.obj
c:\poco\netssl_openssl\obj64\netssl_openssl\debug_shared\keyfilehandler.obj
c:\poco\netssl_openssl\obj64\netssl_openssl\debug_shared\privatekeyfactory.obj
c:\poco\netssl_openssl\obj64\netssl_openssl\debug_shared\x509certificate.obj
c:\poco\netssl_openssl\obj64\netssl_openssl\debug_shared\vc141.pdb
c:\poco\bin64\poconetssl64d.dll
c:\poco\bin64\poconetssl64d.ilk
c:\poco\bin64\poconetssl64d.pdb
c:\poco\lib64\poconetssld.lib
c:\poco\lib64\poconetssld.exp
c:\poco\netssl_openssl\obj64\netssl_openssl\debug_shared\dllversion.res
c:\poco\netssl_openssl\..\bin64\poconetssl64d.dll
c:\poco\netssl_openssl\obj64\netssl_openssl\debug_shared\netssl_openssl.tlog\cl.110616.write.1.tlog
c:\poco\netssl_openssl\obj64\netssl_openssl\debug_shared\netssl_openssl.tlog\cl.command.1.tlog
c:\poco\netssl_openssl\obj64\netssl_openssl\debug_shared\netssl_openssl.tlog\cl.read.1.tlog
c:\poco\netssl_openssl\obj64\netssl_openssl\debug_shared\netssl_openssl.tlog\link.command.1.tlog
c:\poco\netssl_openssl\obj64\netssl_openssl\debug_shared\netssl_openssl.tlog\link.read.1.tlog
c:\poco\netssl_openssl\obj64\netssl_openssl\debug_shared\netssl_openssl.tlog\link.write.1.tlog
c:\poco\netssl_openssl\obj64\netssl_openssl\debug_shared\netssl_openssl.tlog\netssl_openssl.write.1u.tlog
c:\poco\netssl_openssl\obj64\netssl_openssl\debug_shared\netssl_openssl.tlog\rc.command.1.tlog
c:\poco\netssl_openssl\obj64\netssl_openssl\debug_shared\netssl_openssl.tlog\rc.read.1.tlog
c:\poco\netssl_openssl\obj64\netssl_openssl\debug_shared\netssl_openssl.tlog\rc.write.1.tlog
