c:\poco\data\odbc\obj64\odbc\debug_shared\extractor.obj
c:\poco\data\odbc\obj64\odbc\debug_shared\binder.obj
c:\poco\data\odbc\obj64\odbc\debug_shared\odbcmetacolumn.obj
c:\poco\data\odbc\obj64\odbc\debug_shared\odbcstatementimpl.obj
c:\poco\data\odbc\obj64\odbc\debug_shared\unicode.obj
c:\poco\data\odbc\obj64\odbc\debug_shared\connectionhandle.obj
c:\poco\data\odbc\obj64\odbc\debug_shared\utility.obj
c:\poco\data\odbc\obj64\odbc\debug_shared\odbcexception.obj
c:\poco\data\odbc\obj64\odbc\debug_shared\typeinfo.obj
c:\poco\data\odbc\obj64\odbc\debug_shared\connector.obj
c:\poco\data\odbc\obj64\odbc\debug_shared\preparator.obj
c:\poco\data\odbc\obj64\odbc\debug_shared\sessionimpl.obj
c:\poco\data\odbc\obj64\odbc\debug_shared\environmenthandle.obj
c:\poco\data\odbc\obj64\odbc\debug_shared\parameter.obj
c:\poco\data\odbc\obj64\odbc\debug_shared\vc141.pdb
c:\poco\bin64\pocodataodbc64d.dll
c:\poco\bin64\pocodataodbc64d.ilk
c:\poco\bin64\pocodataodbc64d.pdb
c:\poco\lib64\pocodataodbcd.lib
c:\poco\lib64\pocodataodbcd.exp
c:\poco\data\odbc\obj64\odbc\debug_shared\dllversion.res
c:\poco\data\odbc\..\..\bin64\pocodataodbc64d.dll
c:\poco\data\odbc\obj64\odbc\debug_shared\odbc.tlog\cl.119276.write.1.tlog
c:\poco\data\odbc\obj64\odbc\debug_shared\odbc.tlog\cl.command.1.tlog
c:\poco\data\odbc\obj64\odbc\debug_shared\odbc.tlog\cl.read.1.tlog
c:\poco\data\odbc\obj64\odbc\debug_shared\odbc.tlog\link.command.1.tlog
c:\poco\data\odbc\obj64\odbc\debug_shared\odbc.tlog\link.read.1.tlog
c:\poco\data\odbc\obj64\odbc\debug_shared\odbc.tlog\link.write.1.tlog
c:\poco\data\odbc\obj64\odbc\debug_shared\odbc.tlog\odbc.write.1u.tlog
c:\poco\data\odbc\obj64\odbc\debug_shared\odbc.tlog\rc.command.1.tlog
c:\poco\data\odbc\obj64\odbc\debug_shared\odbc.tlog\rc.read.1.tlog
c:\poco\data\odbc\obj64\odbc\debug_shared\odbc.tlog\rc.write.1.tlog
