c:\poco\xml\obj64\xml\debug_shared\contenthandler.obj
c:\poco\xml\obj64\xml\debug_shared\domexception.obj
c:\poco\xml\obj64\xml\debug_shared\errorhandler.obj
c:\poco\xml\obj64\xml\debug_shared\node.obj
c:\poco\xml\obj64\xml\debug_shared\xmlfilter.obj
c:\poco\xml\obj64\xml\debug_shared\attrmap.obj
c:\poco\xml\obj64\xml\debug_shared\domobject.obj
c:\poco\xml\obj64\xml\debug_shared\event.obj
c:\poco\xml\obj64\xml\debug_shared\parserengine.obj
c:\poco\xml\obj64\xml\debug_shared\abstractcontainernode.obj
c:\poco\xml\obj64\xml\debug_shared\element.obj
c:\poco\xml\obj64\xml\debug_shared\locatorimpl.obj
c:\poco\xml\obj64\xml\debug_shared\saxexception.obj
c:\poco\xml\obj64\xml\debug_shared\declhandler.obj
c:\poco\xml\obj64\xml\debug_shared\documenttype.obj
c:\poco\xml\obj64\xml\debug_shared\eventdispatcher.obj
c:\poco\xml\obj64\xml\debug_shared\processinginstruction.obj
c:\poco\xml\obj64\xml\debug_shared\xmlstreamparserexception.obj
c:\poco\xml\obj64\xml\debug_shared\characterdata.obj
c:\poco\xml\obj64\xml\debug_shared\entity.obj
c:\poco\xml\obj64\xml\debug_shared\inputsource.obj
c:\poco\xml\obj64\xml\debug_shared\nodelist.obj
c:\poco\xml\obj64\xml\debug_shared\xmlparse.obj
c:\poco\xml\obj64\xml\debug_shared\childnodeslist.obj
c:\poco\xml\obj64\xml\debug_shared\domparser.obj
c:\poco\xml\obj64\xml\debug_shared\namespacesupport.obj
c:\poco\xml\obj64\xml\debug_shared\xmlexception.obj
c:\poco\xml\obj64\xml\debug_shared\documentfragment.obj
c:\poco\xml\obj64\xml\debug_shared\dtdhandler.obj
c:\poco\xml\obj64\xml\debug_shared\eventlistener.obj
c:\poco\xml\obj64\xml\debug_shared\nodefilter.obj
c:\poco\xml\obj64\xml\debug_shared\xmlfilterimpl.obj
c:\poco\xml\obj64\xml\debug_shared\attr.obj
c:\poco\xml\obj64\xml\debug_shared\domserializer.obj
c:\poco\xml\obj64\xml\debug_shared\namepool.obj
c:\poco\xml\obj64\xml\debug_shared\valuetraits.obj
c:\poco\xml\obj64\xml\debug_shared\defaulthandler.obj
c:\poco\xml\obj64\xml\debug_shared\domimplementation.obj
c:\poco\xml\obj64\xml\debug_shared\eventexception.obj
c:\poco\xml\obj64\xml\debug_shared\nodeappender.obj
c:\poco\xml\obj64\xml\debug_shared\xmlreader.obj
c:\poco\xml\obj64\xml\debug_shared\cdatasection.obj
c:\poco\xml\obj64\xml\debug_shared\domwriter.obj
c:\poco\xml\obj64\xml\debug_shared\namespacestrategy.obj
c:\poco\xml\obj64\xml\debug_shared\whitespacefilter.obj
c:\poco\xml\obj64\xml\debug_shared\attributes.obj
c:\poco\xml\obj64\xml\debug_shared\dombuilder.obj
c:\poco\xml\obj64\xml\debug_shared\eventtarget.obj
c:\poco\xml\obj64\xml\debug_shared\nodeiterator.obj
c:\poco\xml\obj64\xml\debug_shared\xmlwriter.obj
c:\poco\xml\obj64\xml\debug_shared\documentevent.obj
c:\poco\xml\obj64\xml\debug_shared\dtdmap.obj
c:\poco\xml\obj64\xml\debug_shared\namednodemap.obj
c:\poco\xml\obj64\xml\debug_shared\treewalker.obj
c:\poco\xml\obj64\xml\debug_shared\document.obj
c:\poco\xml\obj64\xml\debug_shared\entityresolverimpl.obj
c:\poco\xml\obj64\xml\debug_shared\mutationevent.obj
c:\poco\xml\obj64\xml\debug_shared\qname.obj
c:\poco\xml\obj64\xml\debug_shared\xmlstreamparser.obj
c:\poco\xml\obj64\xml\debug_shared\comment.obj
c:\poco\xml\obj64\xml\debug_shared\elementsbytagnamelist.obj
c:\poco\xml\obj64\xml\debug_shared\name.obj
c:\poco\xml\obj64\xml\debug_shared\text.obj
c:\poco\xml\obj64\xml\debug_shared\abstractnode.obj
c:\poco\xml\obj64\xml\debug_shared\entityresolver.obj
c:\poco\xml\obj64\xml\debug_shared\lexicalhandler.obj
c:\poco\xml\obj64\xml\debug_shared\notation.obj
c:\poco\xml\obj64\xml\debug_shared\attributesimpl.obj
c:\poco\xml\obj64\xml\debug_shared\entityreference.obj
c:\poco\xml\obj64\xml\debug_shared\locator.obj
c:\poco\xml\obj64\xml\debug_shared\saxparser.obj
c:\poco\xml\obj64\xml\debug_shared\vc141.pdb
c:\poco\xml\obj64\xml\debug_shared\xmlrole.obj
c:\poco\xml\obj64\xml\debug_shared\xmltok.obj
c:\poco\bin64\pocoxml64d.ilk
c:\poco\bin64\pocoxml64d.dll
c:\poco\bin64\pocoxml64d.pdb
c:\poco\xml\obj64\xml\debug_shared\dllversion.res
c:\poco\lib64\pocoxmld.lib
c:\poco\lib64\pocoxmld.exp
c:\poco\xml\..\bin64\pocoxml64d.dll
c:\poco\xml\obj64\xml\debug_shared\xml.tlog\cl.122048.write.1.tlog
c:\poco\xml\obj64\xml\debug_shared\xml.tlog\cl.command.1.tlog
c:\poco\xml\obj64\xml\debug_shared\xml.tlog\cl.read.1.tlog
c:\poco\xml\obj64\xml\debug_shared\xml.tlog\link.command.1.tlog
c:\poco\xml\obj64\xml\debug_shared\xml.tlog\link.read.1.tlog
c:\poco\xml\obj64\xml\debug_shared\xml.tlog\link.write.1.tlog
c:\poco\xml\obj64\xml\debug_shared\xml.tlog\rc.command.1.tlog
c:\poco\xml\obj64\xml\debug_shared\xml.tlog\rc.read.1.tlog
c:\poco\xml\obj64\xml\debug_shared\xml.tlog\rc.write.1.tlog
c:\poco\xml\obj64\xml\debug_shared\xml.tlog\xml.write.1u.tlog
