c:\poco\zip\obj64\zip\release_shared\keep.obj
c:\poco\zip\obj64\zip\release_shared\zipexception.obj
c:\poco\zip\obj64\zip\release_shared\zipstream.obj
c:\poco\zip\obj64\zip\release_shared\parsecallback.obj
c:\poco\zip\obj64\zip\release_shared\zipfileinfo.obj
c:\poco\zip\obj64\zip\release_shared\ziparchiveinfo.obj
c:\poco\zip\obj64\zip\release_shared\decompress.obj
c:\poco\zip\obj64\zip\release_shared\add.obj
c:\poco\zip\obj64\zip\release_shared\delete.obj
c:\poco\zip\obj64\zip\release_shared\zipcommon.obj
c:\poco\zip\obj64\zip\release_shared\zipoperation.obj
c:\poco\zip\obj64\zip\release_shared\autodetectstream.obj
c:\poco\zip\obj64\zip\release_shared\rename.obj
c:\poco\zip\obj64\zip\release_shared\partialstream.obj
c:\poco\zip\obj64\zip\release_shared\ziputil.obj
c:\poco\zip\obj64\zip\release_shared\ziparchive.obj
c:\poco\zip\obj64\zip\release_shared\compress.obj
c:\poco\zip\obj64\zip\release_shared\zipdatainfo.obj
c:\poco\zip\obj64\zip\release_shared\zipmanipulator.obj
c:\poco\zip\obj64\zip\release_shared\skipcallback.obj
c:\poco\zip\obj64\zip\release_shared\ziplocalfileheader.obj
c:\poco\zip\obj64\zip\release_shared\replace.obj
c:\poco\bin64\pocozip64.dll
c:\poco\zip\obj64\zip\release_shared\dllversion.res
c:\poco\lib64\pocozip.lib
c:\poco\lib64\pocozip.exp
c:\poco\zip\..\bin64\pocozip64.dll
c:\poco\zip\obj64\zip\release_shared\zip.tlog\cl.114768.write.1.tlog
c:\poco\zip\obj64\zip\release_shared\zip.tlog\cl.command.1.tlog
c:\poco\zip\obj64\zip\release_shared\zip.tlog\cl.read.1.tlog
c:\poco\zip\obj64\zip\release_shared\zip.tlog\link.command.1.tlog
c:\poco\zip\obj64\zip\release_shared\zip.tlog\link.read.1.tlog
c:\poco\zip\obj64\zip\release_shared\zip.tlog\link.write.1.tlog
c:\poco\zip\obj64\zip\release_shared\zip.tlog\rc.command.1.tlog
c:\poco\zip\obj64\zip\release_shared\zip.tlog\rc.read.1.tlog
c:\poco\zip\obj64\zip\release_shared\zip.tlog\rc.write.1.tlog
c:\poco\zip\obj64\zip\release_shared\zip.tlog\zip.write.1u.tlog
