c:\poco\cppparser\obj64\cppparser\release_shared\decl.obj
c:\poco\cppparser\obj64\cppparser\release_shared\enum.obj
c:\poco\cppparser\obj64\cppparser\release_shared\struct.obj
c:\poco\cppparser\obj64\cppparser\release_shared\utility.obj
c:\poco\cppparser\obj64\cppparser\release_shared\parser.obj
c:\poco\cppparser\obj64\cppparser\release_shared\tokenizer.obj
c:\poco\cppparser\obj64\cppparser\release_shared\symbol.obj
c:\poco\cppparser\obj64\cppparser\release_shared\namespace.obj
c:\poco\cppparser\obj64\cppparser\release_shared\typedef.obj
c:\poco\cppparser\obj64\cppparser\release_shared\builtin.obj
c:\poco\cppparser\obj64\cppparser\release_shared\variable.obj
c:\poco\cppparser\obj64\cppparser\release_shared\attributesparser.obj
c:\poco\cppparser\obj64\cppparser\release_shared\attributes.obj
c:\poco\cppparser\obj64\cppparser\release_shared\enumvalue.obj
c:\poco\cppparser\obj64\cppparser\release_shared\parameter.obj
c:\poco\cppparser\obj64\cppparser\release_shared\function.obj
c:\poco\cppparser\obj64\cppparser\release_shared\cpptoken.obj
c:\poco\lib64\pococppparser.lib
c:\poco\lib64\pococppparser.exp
c:\poco\bin64\pococppparser64.dll
c:\poco\cppparser\obj64\cppparser\release_shared\dllversion.res
c:\poco\cppparser\..\bin64\pococppparser64.dll
c:\poco\cppparser\obj64\cppparser\release_shared\cppparser.tlog\cl.106212.write.1.tlog
c:\poco\cppparser\obj64\cppparser\release_shared\cppparser.tlog\cl.command.1.tlog
c:\poco\cppparser\obj64\cppparser\release_shared\cppparser.tlog\cl.read.1.tlog
c:\poco\cppparser\obj64\cppparser\release_shared\cppparser.tlog\cppparser.write.1u.tlog
c:\poco\cppparser\obj64\cppparser\release_shared\cppparser.tlog\link.command.1.tlog
c:\poco\cppparser\obj64\cppparser\release_shared\cppparser.tlog\link.read.1.tlog
c:\poco\cppparser\obj64\cppparser\release_shared\cppparser.tlog\link.write.1.tlog
c:\poco\cppparser\obj64\cppparser\release_shared\cppparser.tlog\rc.command.1.tlog
c:\poco\cppparser\obj64\cppparser\release_shared\cppparser.tlog\rc.read.1.tlog
c:\poco\cppparser\obj64\cppparser\release_shared\cppparser.tlog\rc.write.1.tlog
