c:\poco\netssl_win\obj64\netssl_win\release_shared\certificatehandlerfactory.obj
c:\poco\netssl_win\obj64\netssl_win\release_shared\sslmanager.obj
c:\poco\netssl_win\obj64\netssl_win\release_shared\keyfilehandler.obj
c:\poco\netssl_win\obj64\netssl_win\release_shared\httpssessioninstantiator.obj
c:\poco\netssl_win\obj64\netssl_win\release_shared\session.obj
c:\poco\netssl_win\obj64\netssl_win\release_shared\privatekeyfactory.obj
c:\poco\netssl_win\obj64\netssl_win\release_shared\rejectcertificatehandler.obj
c:\poco\netssl_win\obj64\netssl_win\release_shared\secureserversocketimpl.obj
c:\poco\netssl_win\obj64\netssl_win\release_shared\context.obj
c:\poco\netssl_win\obj64\netssl_win\release_shared\privatekeyfactorymgr.obj
c:\poco\netssl_win\obj64\netssl_win\release_shared\securestreamsocketimpl.obj
c:\poco\netssl_win\obj64\netssl_win\release_shared\certificatehandlerfactorymgr.obj
c:\poco\netssl_win\obj64\netssl_win\release_shared\sslexception.obj
c:\poco\netssl_win\obj64\netssl_win\release_shared\acceptcertificatehandler.obj
c:\poco\netssl_win\obj64\netssl_win\release_shared\securesmtpclientsession.obj
c:\poco\netssl_win\obj64\netssl_win\release_shared\consolecertificatehandler.obj
c:\poco\netssl_win\obj64\netssl_win\release_shared\securestreamsocket.obj
c:\poco\netssl_win\obj64\netssl_win\release_shared\httpsclientsession.obj
c:\poco\netssl_win\obj64\netssl_win\release_shared\secureserversocket.obj
c:\poco\netssl_win\obj64\netssl_win\release_shared\privatekeypassphrasehandler.obj
c:\poco\netssl_win\obj64\netssl_win\release_shared\verificationerrorargs.obj
c:\poco\netssl_win\obj64\netssl_win\release_shared\invalidcertificatehandler.obj
c:\poco\netssl_win\obj64\netssl_win\release_shared\x509certificate.obj
c:\poco\netssl_win\obj64\netssl_win\release_shared\keyconsolehandler.obj
c:\poco\netssl_win\obj64\netssl_win\release_shared\securesocketimpl.obj
c:\poco\netssl_win\obj64\netssl_win\release_shared\httpsstreamfactory.obj
c:\poco\netssl_win\obj64\netssl_win\release_shared\utility.obj
c:\poco\bin64\poconetsslwin64.dll
c:\poco\lib64\poconetsslwin.lib
c:\poco\lib64\poconetsslwin.exp
c:\poco\netssl_win\obj64\netssl_win\release_shared\dllversion.res
c:\poco\netssl_win\..\bin64\poconetsslwin64.dll
c:\poco\netssl_win\obj64\netssl_win\release_shared\netssl_win.tlog\cl.102268.write.1.tlog
c:\poco\netssl_win\obj64\netssl_win\release_shared\netssl_win.tlog\cl.command.1.tlog
c:\poco\netssl_win\obj64\netssl_win\release_shared\netssl_win.tlog\cl.read.1.tlog
c:\poco\netssl_win\obj64\netssl_win\release_shared\netssl_win.tlog\link.command.1.tlog
c:\poco\netssl_win\obj64\netssl_win\release_shared\netssl_win.tlog\link.read.1.tlog
c:\poco\netssl_win\obj64\netssl_win\release_shared\netssl_win.tlog\link.write.1.tlog
c:\poco\netssl_win\obj64\netssl_win\release_shared\netssl_win.tlog\netssl_win.write.1u.tlog
c:\poco\netssl_win\obj64\netssl_win\release_shared\netssl_win.tlog\rc.command.1.tlog
c:\poco\netssl_win\obj64\netssl_win\release_shared\netssl_win.tlog\rc.read.1.tlog
c:\poco\netssl_win\obj64\netssl_win\release_shared\netssl_win.tlog\rc.write.1.tlog
