c:\poco\data\obj64\data\release_shared\statementimpl.obj
c:\poco\data\obj64\data\release_shared\abstractpreparation.obj
c:\poco\data\obj64\data\release_shared\sessionimpl.obj
c:\poco\data\obj64\data\release_shared\time.obj
c:\poco\data\obj64\data\release_shared\pooledsessionholder.obj
c:\poco\data\obj64\data\release_shared\session.obj
c:\poco\data\obj64\data\release_shared\dynamiclob.obj
c:\poco\data\obj64\data\release_shared\position.obj
c:\poco\data\obj64\data\release_shared\row.obj
c:\poco\data\obj64\data\release_shared\pooledsessionimpl.obj
c:\poco\data\obj64\data\release_shared\transaction.obj
c:\poco\data\obj64\data\release_shared\archivestrategy.obj
c:\poco\data\obj64\data\release_shared\abstractpreparator.obj
c:\poco\data\obj64\data\release_shared\simplerowformatter.obj
c:\poco\data\obj64\data\release_shared\metacolumn.obj
c:\poco\data\obj64\data\release_shared\rowformatter.obj
c:\poco\data\obj64\data\release_shared\abstractbinding.obj
c:\poco\data\obj64\data\release_shared\sessionpoolcontainer.obj
c:\poco\data\obj64\data\release_shared\date.obj
c:\poco\data\obj64\data\release_shared\statement.obj
c:\poco\data\obj64\data\release_shared\abstractextractor.obj
c:\poco\data\obj64\data\release_shared\sessionpool.obj
c:\poco\data\obj64\data\release_shared\connector.obj
c:\poco\data\obj64\data\release_shared\rowiterator.obj
c:\poco\data\obj64\data\release_shared\abstractbinder.obj
c:\poco\data\obj64\data\release_shared\statementcreator.obj
c:\poco\data\obj64\data\release_shared\limit.obj
c:\poco\data\obj64\data\release_shared\recordset.obj
c:\poco\data\obj64\data\release_shared\abstractextraction.obj
c:\poco\data\obj64\data\release_shared\sessionfactory.obj
c:\poco\data\obj64\data\release_shared\dataexception.obj
c:\poco\data\obj64\data\release_shared\rowfilter.obj
c:\poco\data\obj64\data\release_shared\bulk.obj
c:\poco\data\obj64\data\release_shared\range.obj
c:\poco\data\obj64\data\release_shared\sqlchannel.obj
c:\poco\lib64\pocodata.lib
c:\poco\lib64\pocodata.exp
c:\poco\bin64\pocodata64.dll
c:\poco\data\obj64\data\release_shared\dllversion.res
c:\poco\data\..\bin64\pocodata64.dll
c:\poco\data\obj64\data\release_shared\data.tlog\cl.command.1.tlog
c:\poco\data\obj64\data\release_shared\data.tlog\cl.read.1.tlog
c:\poco\data\obj64\data\release_shared\data.tlog\cl.write.1.tlog
c:\poco\data\obj64\data\release_shared\data.tlog\data.write.1u.tlog
c:\poco\data\obj64\data\release_shared\data.tlog\link.command.1.tlog
c:\poco\data\obj64\data\release_shared\data.tlog\link.read.1.tlog
c:\poco\data\obj64\data\release_shared\data.tlog\link.write.1.tlog
c:\poco\data\obj64\data\release_shared\data.tlog\rc.command.1.tlog
c:\poco\data\obj64\data\release_shared\data.tlog\rc.read.1.tlog
c:\poco\data\obj64\data\release_shared\data.tlog\rc.write.1.tlog
