c:\poco\cppparser\obj64\cppparser\debug_shared\enumvalue.obj
c:\poco\cppparser\obj64\cppparser\debug_shared\namespace.obj
c:\poco\cppparser\obj64\cppparser\debug_shared\cpptoken.obj
c:\poco\cppparser\obj64\cppparser\debug_shared\typedef.obj
c:\poco\cppparser\obj64\cppparser\debug_shared\parser.obj
c:\poco\cppparser\obj64\cppparser\debug_shared\function.obj
c:\poco\cppparser\obj64\cppparser\debug_shared\decl.obj
c:\poco\cppparser\obj64\cppparser\debug_shared\enum.obj
c:\poco\cppparser\obj64\cppparser\debug_shared\tokenizer.obj
c:\poco\cppparser\obj64\cppparser\debug_shared\struct.obj
c:\poco\cppparser\obj64\cppparser\debug_shared\parameter.obj
c:\poco\cppparser\obj64\cppparser\debug_shared\symbol.obj
c:\poco\cppparser\obj64\cppparser\debug_shared\attributes.obj
c:\poco\cppparser\obj64\cppparser\debug_shared\utility.obj
c:\poco\cppparser\obj64\cppparser\debug_shared\builtin.obj
c:\poco\cppparser\obj64\cppparser\debug_shared\variable.obj
c:\poco\cppparser\obj64\cppparser\debug_shared\attributesparser.obj
c:\poco\cppparser\obj64\cppparser\debug_shared\vc141.pdb
c:\poco\lib64\pococppparserd.lib
c:\poco\lib64\pococppparserd.exp
c:\poco\bin64\pococppparser64d.dll
c:\poco\bin64\pococppparser64d.ilk
c:\poco\bin64\pococppparser64d.pdb
c:\poco\cppparser\obj64\cppparser\debug_shared\dllversion.res
c:\poco\cppparser\..\bin64\pococppparser64d.dll
c:\poco\cppparser\obj64\cppparser\debug_shared\cppparser.tlog\cl.115332.write.1.tlog
c:\poco\cppparser\obj64\cppparser\debug_shared\cppparser.tlog\cl.command.1.tlog
c:\poco\cppparser\obj64\cppparser\debug_shared\cppparser.tlog\cl.read.1.tlog
c:\poco\cppparser\obj64\cppparser\debug_shared\cppparser.tlog\cppparser.write.1u.tlog
c:\poco\cppparser\obj64\cppparser\debug_shared\cppparser.tlog\link.command.1.tlog
c:\poco\cppparser\obj64\cppparser\debug_shared\cppparser.tlog\link.read.1.tlog
c:\poco\cppparser\obj64\cppparser\debug_shared\cppparser.tlog\link.write.1.tlog
c:\poco\cppparser\obj64\cppparser\debug_shared\cppparser.tlog\rc.command.1.tlog
c:\poco\cppparser\obj64\cppparser\debug_shared\cppparser.tlog\rc.read.1.tlog
c:\poco\cppparser\obj64\cppparser\debug_shared\cppparser.tlog\rc.write.1.tlog
