c:\poco\redis\obj64\redis\release_shared\command.obj
c:\poco\redis\obj64\redis\release_shared\rediseventargs.obj
c:\poco\redis\obj64\redis\release_shared\redisstream.obj
c:\poco\redis\obj64\redis\release_shared\client.obj
c:\poco\redis\obj64\redis\release_shared\error.obj
c:\poco\redis\obj64\redis\release_shared\array.obj
c:\poco\redis\obj64\redis\release_shared\type.obj
c:\poco\redis\obj64\redis\release_shared\exception.obj
c:\poco\redis\obj64\redis\release_shared\asyncreader.obj
c:\poco\bin64\pocoredis64.dll
c:\poco\redis\obj64\redis\release_shared\dllversion.res
c:\poco\lib64\pocoredis.lib
c:\poco\lib64\pocoredis.exp
c:\poco\redis\..\bin64\pocoredis64.dll
c:\poco\redis\obj64\redis\release_shared\redis.tlog\cl.105428.write.1.tlog
c:\poco\redis\obj64\redis\release_shared\redis.tlog\cl.command.1.tlog
c:\poco\redis\obj64\redis\release_shared\redis.tlog\cl.read.1.tlog
c:\poco\redis\obj64\redis\release_shared\redis.tlog\link.command.1.tlog
c:\poco\redis\obj64\redis\release_shared\redis.tlog\link.read.1.tlog
c:\poco\redis\obj64\redis\release_shared\redis.tlog\link.write.1.tlog
c:\poco\redis\obj64\redis\release_shared\redis.tlog\rc.command.1.tlog
c:\poco\redis\obj64\redis\release_shared\redis.tlog\rc.read.1.tlog
c:\poco\redis\obj64\redis\release_shared\redis.tlog\rc.write.1.tlog
c:\poco\redis\obj64\redis\release_shared\redis.tlog\redis.write.1u.tlog
