c:\poco\redis\obj64\redis\debug_shared\command.obj
c:\poco\redis\obj64\redis\debug_shared\error.obj
c:\poco\redis\obj64\redis\debug_shared\array.obj
c:\poco\redis\obj64\redis\debug_shared\redisstream.obj
c:\poco\redis\obj64\redis\debug_shared\asyncreader.obj
c:\poco\redis\obj64\redis\debug_shared\exception.obj
c:\poco\redis\obj64\redis\debug_shared\rediseventargs.obj
c:\poco\redis\obj64\redis\debug_shared\type.obj
c:\poco\redis\obj64\redis\debug_shared\client.obj
c:\poco\redis\obj64\redis\debug_shared\vc141.pdb
c:\poco\bin64\pocoredis64d.dll
c:\poco\bin64\pocoredis64d.ilk
c:\poco\bin64\pocoredis64d.pdb
c:\poco\redis\obj64\redis\debug_shared\dllversion.res
c:\poco\lib64\pocoredisd.lib
c:\poco\lib64\pocoredisd.exp
c:\poco\redis\..\bin64\pocoredis64d.dll
c:\poco\redis\obj64\redis\debug_shared\redis.tlog\cl.105348.write.1.tlog
c:\poco\redis\obj64\redis\debug_shared\redis.tlog\cl.command.1.tlog
c:\poco\redis\obj64\redis\debug_shared\redis.tlog\cl.read.1.tlog
c:\poco\redis\obj64\redis\debug_shared\redis.tlog\link.command.1.tlog
c:\poco\redis\obj64\redis\debug_shared\redis.tlog\link.read.1.tlog
c:\poco\redis\obj64\redis\debug_shared\redis.tlog\link.write.1.tlog
c:\poco\redis\obj64\redis\debug_shared\redis.tlog\rc.command.1.tlog
c:\poco\redis\obj64\redis\debug_shared\redis.tlog\rc.read.1.tlog
c:\poco\redis\obj64\redis\debug_shared\redis.tlog\rc.write.1.tlog
c:\poco\redis\obj64\redis\debug_shared\redis.tlog\redis.write.1u.tlog
