c:\poco\data\mysql\obj64\mysql\debug_shared\binder.obj
c:\poco\data\mysql\obj64\mysql\debug_shared\mysqlstatementimpl.obj
c:\poco\data\mysql\obj64\mysql\debug_shared\utility.obj
c:\poco\data\mysql\obj64\mysql\debug_shared\mysqlexception.obj
c:\poco\data\mysql\obj64\mysql\debug_shared\sessionimpl.obj
c:\poco\data\mysql\obj64\mysql\debug_shared\sessionhandle.obj
c:\poco\data\mysql\obj64\mysql\debug_shared\extractor.obj
c:\poco\data\mysql\obj64\mysql\debug_shared\resultmetadata.obj
c:\poco\data\mysql\obj64\mysql\debug_shared\statementexecutor.obj
c:\poco\data\mysql\obj64\mysql\debug_shared\connector.obj
c:\poco\data\mysql\obj64\mysql\debug_shared\vc141.pdb
c:\poco\bin64\pocodatamysql64d.dll
c:\poco\bin64\pocodatamysql64d.ilk
c:\poco\bin64\pocodatamysql64d.pdb
c:\poco\lib64\pocodatamysqld.lib
c:\poco\lib64\pocodatamysqld.exp
c:\poco\data\mysql\obj64\mysql\debug_shared\dllversion.res
c:\poco\data\mysql\..\..\bin64\pocodatamysql64d.dll
c:\poco\data\mysql\obj64\mysql\debug_shared\mysql.tlog\cl.109628.write.1.tlog
c:\poco\data\mysql\obj64\mysql\debug_shared\mysql.tlog\cl.command.1.tlog
c:\poco\data\mysql\obj64\mysql\debug_shared\mysql.tlog\cl.read.1.tlog
c:\poco\data\mysql\obj64\mysql\debug_shared\mysql.tlog\link.command.1.tlog
c:\poco\data\mysql\obj64\mysql\debug_shared\mysql.tlog\link.read.1.tlog
c:\poco\data\mysql\obj64\mysql\debug_shared\mysql.tlog\link.write.1.tlog
c:\poco\data\mysql\obj64\mysql\debug_shared\mysql.tlog\mysql.write.1u.tlog
c:\poco\data\mysql\obj64\mysql\debug_shared\mysql.tlog\rc.command.1.tlog
c:\poco\data\mysql\obj64\mysql\debug_shared\mysql.tlog\rc.read.1.tlog
c:\poco\data\mysql\obj64\mysql\debug_shared\mysql.tlog\rc.write.1.tlog
